TN:
SF:/usr/src/app/lib/Buffer.test.js
FN:9,(anonymous_1)
FN:12,(anonymous_2)
FN:19,(anonymous_3)
FN:20,(anonymous_4)
FN:24,(anonymous_5)
FN:28,(anonymous_6)
FN:29,(anonymous_7)
FN:41,(anonymous_8)
FN:42,(anonymous_9)
FN:43,(anonymous_10)
FN:52,(anonymous_11)
FN:53,(anonymous_12)
FN:62,(anonymous_13)
FN:63,(anonymous_14)
FN:68,(anonymous_15)
FN:76,(anonymous_16)
FN:77,(anonymous_17)
FN:91,(anonymous_18)
FN:92,(anonymous_19)
FN:93,(anonymous_20)
FN:101,(anonymous_21)
FN:102,(anonymous_22)
FN:116,(anonymous_23)
FN:132,(anonymous_24)
FN:133,(anonymous_25)
FN:143,(anonymous_26)
FN:144,(anonymous_27)
FNF:27
FNH:27
FNDA:1,(anonymous_1)
FNDA:13,(anonymous_2)
FNDA:1,(anonymous_3)
FNDA:1,(anonymous_4)
FNDA:1,(anonymous_5)
FNDA:1,(anonymous_6)
FNDA:1,(anonymous_7)
FNDA:1,(anonymous_8)
FNDA:1,(anonymous_9)
FNDA:1,(anonymous_10)
FNDA:1,(anonymous_11)
FNDA:1,(anonymous_12)
FNDA:1,(anonymous_13)
FNDA:1,(anonymous_14)
FNDA:1,(anonymous_15)
FNDA:1,(anonymous_16)
FNDA:1,(anonymous_17)
FNDA:1,(anonymous_18)
FNDA:1,(anonymous_19)
FNDA:1,(anonymous_20)
FNDA:1,(anonymous_21)
FNDA:1,(anonymous_22)
FNDA:1,(anonymous_23)
FNDA:1,(anonymous_24)
FNDA:1,(anonymous_25)
FNDA:1,(anonymous_26)
FNDA:1,(anonymous_27)
DA:2,1
DA:3,1
DA:4,1
DA:5,1
DA:6,1
DA:7,1
DA:8,1
DA:9,1
DA:10,1
DA:11,1
DA:12,1
DA:13,13
DA:14,13
DA:15,13
DA:16,13
DA:17,13
DA:19,1
DA:20,1
DA:21,1
DA:22,1
DA:24,1
DA:25,1
DA:28,1
DA:29,1
DA:30,1
DA:31,1
DA:32,1
DA:33,1
DA:34,24
DA:35,24
DA:36,1920
DA:41,1
DA:42,1
DA:43,1
DA:44,1
DA:45,1
DA:46,1
DA:47,1
DA:48,24
DA:52,1
DA:53,1
DA:54,1
DA:55,1
DA:56,1
DA:57,1
DA:58,24
DA:62,1
DA:63,1
DA:64,1
DA:65,1
DA:66,1
DA:68,1
DA:69,1
DA:70,1
DA:71,1
DA:72,1
DA:73,1
DA:74,1
DA:76,1
DA:77,1
DA:78,1
DA:79,1
DA:80,1
DA:81,1
DA:82,1
DA:83,1
DA:84,1
DA:85,1
DA:86,1
DA:87,1
DA:91,1
DA:92,1
DA:93,1
DA:94,1
DA:95,1
DA:96,1
DA:97,1
DA:98,1
DA:101,1
DA:102,1
DA:103,1
DA:104,1
DA:105,10
DA:107,1
DA:108,1
DA:109,1
DA:110,1
DA:111,1
DA:112,1
DA:113,1
DA:114,1
DA:116,1
DA:117,1
DA:118,1
DA:119,10
DA:121,1
DA:122,1
DA:123,1
DA:124,1
DA:125,1
DA:126,1
DA:127,1
DA:128,1
DA:132,1
DA:133,1
DA:134,1
DA:135,1
DA:136,1
DA:137,1
DA:138,29
DA:143,1
DA:144,1
DA:145,1
DA:146,1
DA:147,1
DA:148,1
DA:149,1
DA:150,1
DA:151,1
DA:152,1
LF:120
LH:120
BRF:0
BRH:0
end_of_record
TN:
SF:/usr/src/app/lib/Buffer.js
FN:9,(anonymous_1)
FN:10,Buffer
FN:16,(anonymous_3)
FN:23,(anonymous_4)
FN:30,(anonymous_5)
FN:38,(anonymous_6)
FN:45,(anonymous_7)
FN:53,(anonymous_8)
FN:63,(anonymous_9)
FN:127,(anonymous_10)
FN:173,(anonymous_11)
FN:187,(anonymous_12)
FN:195,(anonymous_13)
FNF:13
FNH:10
FNDA:1,(anonymous_1)
FNDA:2897,Buffer
FNDA:146181,(anonymous_3)
FNDA:0,(anonymous_4)
FNDA:0,(anonymous_5)
FNDA:2916,(anonymous_6)
FNDA:1453,(anonymous_7)
FNDA:2897,(anonymous_8)
FNDA:19,(anonymous_9)
FNDA:186,(anonymous_10)
FNDA:5779,(anonymous_11)
FNDA:0,(anonymous_12)
FNDA:68,(anonymous_13)
DA:2,1
DA:3,1
DA:4,1
DA:5,1
DA:6,1
DA:7,1
DA:8,1
DA:9,1
DA:10,1
DA:11,2897
DA:12,2897
DA:13,2897
DA:15,1
DA:17,146181
DA:22,1
DA:24,0
DA:29,1
DA:31,0
DA:32,0
DA:33,0
DA:38,1
DA:39,2916
DA:40,1448
DA:42,1468
DA:43,1468
DA:45,1
DA:46,1453
DA:47,1453
DA:48,1453
DA:49,34337
DA:53,1
DA:54,2897
DA:55,2897
DA:56,2897
DA:57,2897
DA:58,2897
DA:59,2897
DA:60,2897
DA:61,2897
DA:63,1
DA:64,19
DA:65,19
DA:66,5
DA:68,19
DA:69,15
DA:70,2
DA:71,2
DA:72,48
DA:73,360
DA:77,15
DA:78,15
DA:79,5
DA:80,49
DA:81,49
DA:82,10
DA:83,10
DA:84,10
DA:85,5
DA:89,39
DA:95,10
DA:96,37
DA:97,37
DA:98,27
DA:101,10
DA:102,10
DA:107,15
DA:108,8
DA:109,8
DA:110,2
DA:111,2
DA:112,2
DA:114,8
DA:116,15
DA:117,15
DA:118,15
DA:119,2
DA:121,15
DA:122,15
DA:123,15
DA:125,19
DA:127,1
DA:128,186
DA:129,186
DA:130,186
DA:131,186
DA:132,186
DA:133,0
DA:135,186
DA:136,186
DA:137,100
DA:139,186
DA:140,186
DA:141,2207
DA:142,2207
DA:143,2207
DA:144,120
DA:145,30
DA:147,120
DA:148,110
DA:152,2087
DA:153,132
DA:154,20
DA:156,132
DA:157,113
DA:162,186
DA:163,90
DA:164,90
DA:165,0
DA:167,90
DA:168,0
DA:171,186
DA:173,1
DA:174,5779
DA:175,0
DA:176,0
DA:180,5779
DA:181,5779
DA:183,5779
DA:184,56611
DA:187,1
DA:188,0
DA:189,0
DA:191,0
DA:193,0
DA:195,1
DA:196,68
DA:197,68
DA:199,68
DA:201,68
DA:203,1
DA:205,1
LF:131
LH:118
BRDA:24,1,0,0
BRDA:24,1,1,0
BRDA:33,2,0,0
BRDA:33,2,1,0
BRDA:39,3,0,1448
BRDA:39,3,1,1468
BRDA:43,4,0,0
BRDA:43,4,1,1468
BRDA:46,5,0,1453
BRDA:46,5,1,0
BRDA:65,6,0,5
BRDA:65,6,1,14
BRDA:68,7,0,15
BRDA:68,7,1,4
BRDA:69,8,0,2
BRDA:69,8,1,13
BRDA:78,9,0,5
BRDA:78,9,1,10
BRDA:80,10,0,49
BRDA:80,10,1,0
BRDA:81,11,0,10
BRDA:81,11,1,39
BRDA:81,12,0,49
BRDA:81,12,1,10
BRDA:84,13,0,5
BRDA:84,13,1,5
BRDA:96,14,0,37
BRDA:96,14,1,0
BRDA:97,15,0,27
BRDA:97,15,1,10
BRDA:107,16,0,8
BRDA:107,16,1,7
BRDA:109,17,0,2
BRDA:109,17,1,6
BRDA:118,18,0,2
BRDA:118,18,1,13
BRDA:128,19,0,99
BRDA:128,19,1,87
BRDA:129,20,0,99
BRDA:129,20,1,87
BRDA:132,21,0,0
BRDA:132,21,1,186
BRDA:136,22,0,100
BRDA:136,22,1,86
BRDA:143,23,0,120
BRDA:143,23,1,2087
BRDA:144,24,0,30
BRDA:144,24,1,90
BRDA:147,25,0,110
BRDA:147,25,1,10
BRDA:152,26,0,132
BRDA:152,26,1,1955
BRDA:153,27,0,20
BRDA:153,27,1,112
BRDA:156,28,0,113
BRDA:156,28,1,19
BRDA:162,29,0,90
BRDA:162,29,1,96
BRDA:164,30,0,0
BRDA:164,30,1,90
BRDA:167,31,0,0
BRDA:167,31,1,90
BRDA:174,32,0,0
BRDA:174,32,1,5779
BRDA:175,33,0,0
BRDA:175,33,1,0
BRDA:188,34,0,0
BRDA:188,34,1,0
BRDA:191,35,0,0
BRDA:191,35,1,0
BRDA:193,36,0,0
BRDA:193,36,1,0
BRDA:193,37,0,0
BRDA:193,37,1,0
BRDA:196,38,0,68
BRDA:196,38,1,0
BRDA:199,39,0,611
BRDA:199,39,1,551
BRDA:201,40,0,8
BRDA:201,40,1,60
BRDA:201,41,0,0
BRDA:201,41,1,60
BRF:82
BRH:58
end_of_record
TN:
SF:/usr/src/app/lib/utils/CircularList.js
FN:2,(anonymous_1)
FN:4,(anonymous_2)
FN:5,(anonymous_3)
FN:6,(anonymous_4)
FN:8,__
FN:14,(anonymous_6)
FN:16,CircularList
FN:25,(anonymous_8)
FN:28,(anonymous_9)
FN:44,(anonymous_10)
FN:47,(anonymous_11)
FN:59,(anonymous_12)
FN:61,(anonymous_13)
FN:71,(anonymous_14)
FN:74,(anonymous_15)
FN:77,(anonymous_16)
FN:90,(anonymous_17)
FN:93,(anonymous_18)
FN:122,(anonymous_19)
FN:130,(anonymous_20)
FN:160,(anonymous_21)
FNF:21
FNH:17
FNDA:1,(anonymous_1)
FNDA:0,(anonymous_2)
FNDA:0,(anonymous_3)
FNDA:1,(anonymous_4)
FNDA:1,__
FNDA:1,(anonymous_6)
FNDA:2932,CircularList
FNDA:148164,(anonymous_8)
FNDA:15,(anonymous_9)
FNDA:3884,(anonymous_10)
FNDA:2,(anonymous_11)
FNDA:0,(anonymous_12)
FNDA:0,(anonymous_13)
FNDA:108939,(anonymous_14)
FNDA:128,(anonymous_15)
FNDA:35394,(anonymous_16)
FNDA:27,(anonymous_17)
FNDA:100,(anonymous_18)
FNDA:6,(anonymous_19)
FNDA:16,(anonymous_20)
FNDA:147146,(anonymous_21)
DA:2,1
DA:3,1
DA:4,0
DA:5,0
DA:6,1
DA:7,1
DA:8,1
DA:9,1
DA:12,1
DA:13,1
DA:14,1
DA:15,1
DA:16,1
DA:17,2932
DA:18,2932
DA:19,2932
DA:20,2932
DA:21,2932
DA:22,2932
DA:24,1
DA:26,148164
DA:29,15
DA:30,0
DA:32,15
DA:33,15
DA:34,304
DA:36,15
DA:37,15
DA:38,15
DA:43,1
DA:45,3884
DA:48,2
DA:49,1
DA:50,3
DA:53,2
DA:58,1
DA:60,0
DA:61,0
DA:62,0
DA:63,0
DA:64,0
DA:71,1
DA:72,108939
DA:74,1
DA:75,128
DA:77,1
DA:78,35394
DA:79,35394
DA:80,6
DA:81,6
DA:82,1
DA:84,6
DA:87,35388
DA:90,1
DA:91,27
DA:93,1
DA:94,100
DA:95,100
DA:96,54
DA:98,100
DA:99,49
DA:100,1106
DA:102,49
DA:104,100
DA:105,52
DA:106,44
DA:108,52
DA:109,54
DA:111,52
DA:112,3
DA:113,3
DA:114,3
DA:115,3
DA:118,49
DA:122,1
DA:123,6
DA:124,1
DA:126,6
DA:127,6
DA:128,6
DA:130,1
DA:131,16
DA:132,1
DA:134,15
DA:135,2
DA:137,13
DA:138,1
DA:140,12
DA:141,6
DA:142,55
DA:144,6
DA:145,6
DA:146,2
DA:147,2
DA:148,2
DA:149,2
DA:150,2
DA:155,6
DA:156,51
DA:160,1
DA:161,147146
DA:163,1
DA:165,1
LF:103
LH:95
BRDA:2,1,0,1
BRDA:2,1,1,1
BRDA:2,1,2,1
BRDA:3,2,0,1
BRDA:3,2,1,0
BRDA:3,2,2,0
BRDA:3,2,3,0
BRDA:5,3,0,0
BRDA:5,3,1,0
BRDA:9,4,0,0
BRDA:9,4,1,1
BRDA:17,5,0,2932
BRDA:17,5,1,2932
BRDA:29,6,0,0
BRDA:29,6,1,15
BRDA:48,7,0,1
BRDA:48,7,1,1
BRDA:79,8,0,6
BRDA:79,8,1,35388
BRDA:81,9,0,1
BRDA:81,9,1,5
BRDA:98,10,0,49
BRDA:98,10,1,51
BRDA:104,11,0,52
BRDA:104,11,1,48
BRDA:104,12,0,100
BRDA:104,12,1,100
BRDA:111,13,0,3
BRDA:111,13,1,49
BRDA:123,14,0,1
BRDA:123,14,1,5
BRDA:131,15,0,1
BRDA:131,15,1,15
BRDA:134,16,0,2
BRDA:134,16,1,13
BRDA:134,17,0,15
BRDA:134,17,1,14
BRDA:137,18,0,1
BRDA:137,18,1,12
BRDA:140,19,0,6
BRDA:140,19,1,6
BRDA:145,20,0,2
BRDA:145,20,1,4
BRF:43
BRH:36
end_of_record
TN:
SF:/usr/src/app/lib/EventEmitter.js
FN:3,(anonymous_1)
FN:4,EventEmitter
FN:7,(anonymous_3)
FN:11,(anonymous_4)
FN:15,(anonymous_5)
FN:24,(anonymous_6)
FN:37,(anonymous_7)
FN:42,(anonymous_8)
FN:55,(anonymous_9)
FN:58,(anonymous_10)
FNF:10
FNH:7
FNDA:1,(anonymous_1)
FNDA:4671,EventEmitter
FNDA:34,(anonymous_3)
FNDA:0,(anonymous_4)
FNDA:0,(anonymous_5)
FNDA:1,(anonymous_6)
FNDA:1,(anonymous_7)
FNDA:4168,(anonymous_8)
FNDA:6,(anonymous_9)
FNDA:0,(anonymous_10)
DA:2,1
DA:3,1
DA:4,1
DA:5,4671
DA:7,1
DA:8,34
DA:9,34
DA:11,1
DA:12,0
DA:13,0
DA:14,0
DA:16,0
DA:17,0
DA:19,0
DA:20,0
DA:24,1
DA:25,1
DA:26,0
DA:28,1
DA:29,1
DA:30,1
DA:31,2
DA:32,1
DA:33,1
DA:37,1
DA:38,1
DA:39,1
DA:42,1
DA:43,4168
DA:44,4168
DA:45,1063
DA:47,4168
DA:48,4152
DA:50,16
DA:51,16
DA:52,18
DA:55,1
DA:56,6
DA:58,1
DA:59,0
DA:61,1
DA:63,1
LF:42
LH:33
BRDA:5,1,0,4671
BRDA:5,1,1,4671
BRDA:8,2,0,34
BRDA:8,2,1,32
BRDA:16,3,0,0
BRDA:16,3,1,0
BRDA:25,4,0,0
BRDA:25,4,1,1
BRDA:31,5,0,1
BRDA:31,5,1,1
BRDA:38,6,0,1
BRDA:38,6,1,0
BRDA:47,7,0,4152
BRDA:47,7,1,16
BRDA:56,8,0,6
BRDA:56,8,1,2
BRF:16
BRH:12
end_of_record
TN:
SF:/usr/src/app/lib/utils/TestUtils.test.js
FN:5,(anonymous_1)
FN:6,MockTerminal
FN:10,(anonymous_3)
FN:13,(anonymous_4)
FN:16,(anonymous_5)
FN:19,(anonymous_6)
FN:22,(anonymous_7)
FN:25,(anonymous_8)
FN:28,(anonymous_9)
FN:31,(anonymous_10)
FN:34,(anonymous_11)
FN:37,(anonymous_12)
FN:40,(anonymous_13)
FN:43,(anonymous_14)
FN:46,(anonymous_15)
FN:49,(anonymous_16)
FN:52,(anonymous_17)
FN:55,(anonymous_18)
FN:58,(anonymous_19)
FN:61,(anonymous_20)
FN:64,(anonymous_21)
FN:67,(anonymous_22)
FN:70,(anonymous_23)
FN:73,(anonymous_24)
FN:76,(anonymous_25)
FN:79,(anonymous_26)
FN:82,(anonymous_27)
FN:85,(anonymous_28)
FN:88,(anonymous_29)
FN:91,(anonymous_30)
FN:94,(anonymous_31)
FN:97,(anonymous_32)
FN:100,(anonymous_33)
FN:103,(anonymous_34)
FN:106,(anonymous_35)
FN:109,(anonymous_36)
FN:120,(anonymous_37)
FN:121,MockCharMeasure
FN:123,(anonymous_39)
FN:129,(anonymous_40)
FN:130,MockInputHandlingTerminal
FN:134,(anonymous_42)
FN:137,(anonymous_43)
FN:140,(anonymous_44)
FN:143,(anonymous_45)
FN:146,(anonymous_46)
FN:149,(anonymous_47)
FN:152,(anonymous_48)
FN:155,(anonymous_49)
FN:158,(anonymous_50)
FN:161,(anonymous_51)
FN:164,(anonymous_52)
FN:167,(anonymous_53)
FN:170,(anonymous_54)
FN:173,(anonymous_55)
FN:176,(anonymous_56)
FN:179,(anonymous_57)
FN:182,(anonymous_58)
FN:185,(anonymous_59)
FN:188,(anonymous_60)
FN:191,(anonymous_61)
FN:194,(anonymous_62)
FN:197,(anonymous_63)
FN:200,(anonymous_64)
FN:203,(anonymous_65)
FN:206,(anonymous_66)
FN:209,(anonymous_67)
FN:212,(anonymous_68)
FN:215,(anonymous_69)
FN:221,(anonymous_70)
FN:222,MockBuffer
FN:224,(anonymous_72)
FN:227,(anonymous_73)
FN:230,(anonymous_74)
FN:236,(anonymous_75)
FN:237,MockRenderer
FN:239,(anonymous_77)
FN:242,(anonymous_78)
FN:245,(anonymous_79)
FN:248,(anonymous_80)
FN:251,(anonymous_81)
FN:252,(anonymous_82)
FN:253,(anonymous_83)
FN:254,(anonymous_84)
FN:255,(anonymous_85)
FN:256,(anonymous_86)
FN:257,(anonymous_87)
FN:258,(anonymous_88)
FN:259,(anonymous_89)
FN:260,(anonymous_90)
FN:261,(anonymous_91)
FN:265,(anonymous_92)
FN:266,MockViewport
FN:269,(anonymous_94)
FN:272,(anonymous_95)
FN:275,(anonymous_96)
FN:278,(anonymous_97)
FN:281,(anonymous_98)
FN:282,(anonymous_99)
FN:288,(anonymous_100)
FN:289,MockCompositionHelper
FN:291,(anonymous_102)
FN:294,(anonymous_103)
FN:297,(anonymous_104)
FN:300,(anonymous_105)
FN:303,(anonymous_106)
FNF:106
FNH:20
FNDA:1,(anonymous_1)
FNDA:42,MockTerminal
FNDA:0,(anonymous_3)
FNDA:0,(anonymous_4)
FNDA:0,(anonymous_5)
FNDA:0,(anonymous_6)
FNDA:0,(anonymous_7)
FNDA:0,(anonymous_8)
FNDA:0,(anonymous_9)
FNDA:0,(anonymous_10)
FNDA:0,(anonymous_11)
FNDA:0,(anonymous_12)
FNDA:0,(anonymous_13)
FNDA:0,(anonymous_14)
FNDA:0,(anonymous_15)
FNDA:0,(anonymous_16)
FNDA:0,(anonymous_17)
FNDA:0,(anonymous_18)
FNDA:0,(anonymous_19)
FNDA:0,(anonymous_20)
FNDA:0,(anonymous_21)
FNDA:0,(anonymous_22)
FNDA:0,(anonymous_23)
FNDA:0,(anonymous_24)
FNDA:0,(anonymous_25)
FNDA:0,(anonymous_26)
FNDA:0,(anonymous_27)
FNDA:0,(anonymous_28)
FNDA:0,(anonymous_29)
FNDA:0,(anonymous_30)
FNDA:0,(anonymous_31)
FNDA:0,(anonymous_32)
FNDA:0,(anonymous_33)
FNDA:0,(anonymous_34)
FNDA:0,(anonymous_35)
FNDA:472,(anonymous_36)
FNDA:1,(anonymous_37)
FNDA:5,MockCharMeasure
FNDA:0,(anonymous_39)
FNDA:1,(anonymous_40)
FNDA:3,MockInputHandlingTerminal
FNDA:0,(anonymous_42)
FNDA:0,(anonymous_43)
FNDA:0,(anonymous_44)
FNDA:0,(anonymous_45)
FNDA:0,(anonymous_46)
FNDA:0,(anonymous_47)
FNDA:0,(anonymous_48)
FNDA:0,(anonymous_49)
FNDA:0,(anonymous_50)
FNDA:0,(anonymous_51)
FNDA:0,(anonymous_52)
FNDA:0,(anonymous_53)
FNDA:0,(anonymous_54)
FNDA:0,(anonymous_55)
FNDA:0,(anonymous_56)
FNDA:0,(anonymous_57)
FNDA:0,(anonymous_58)
FNDA:0,(anonymous_59)
FNDA:0,(anonymous_60)
FNDA:0,(anonymous_61)
FNDA:0,(anonymous_62)
FNDA:0,(anonymous_63)
FNDA:14,(anonymous_64)
FNDA:0,(anonymous_65)
FNDA:0,(anonymous_66)
FNDA:0,(anonymous_67)
FNDA:0,(anonymous_68)
FNDA:0,(anonymous_69)
FNDA:1,(anonymous_70)
FNDA:19,MockBuffer
FNDA:12,(anonymous_72)
FNDA:0,(anonymous_73)
FNDA:0,(anonymous_74)
FNDA:1,(anonymous_75)
FNDA:98,MockRenderer
FNDA:0,(anonymous_77)
FNDA:0,(anonymous_78)
FNDA:0,(anonymous_79)
FNDA:0,(anonymous_80)
FNDA:0,(anonymous_81)
FNDA:0,(anonymous_82)
FNDA:0,(anonymous_83)
FNDA:0,(anonymous_84)
FNDA:0,(anonymous_85)
FNDA:0,(anonymous_86)
FNDA:0,(anonymous_87)
FNDA:8,(anonymous_88)
FNDA:0,(anonymous_89)
FNDA:0,(anonymous_90)
FNDA:0,(anonymous_91)
FNDA:1,(anonymous_92)
FNDA:94,MockViewport
FNDA:0,(anonymous_94)
FNDA:0,(anonymous_95)
FNDA:0,(anonymous_96)
FNDA:0,(anonymous_97)
FNDA:1285,(anonymous_98)
FNDA:0,(anonymous_99)
FNDA:1,(anonymous_100)
FNDA:94,MockCompositionHelper
FNDA:0,(anonymous_102)
FNDA:0,(anonymous_103)
FNDA:0,(anonymous_104)
FNDA:0,(anonymous_105)
FNDA:13,(anonymous_106)
DA:2,1
DA:3,1
DA:4,1
DA:5,1
DA:6,1
DA:7,42
DA:8,42
DA:10,1
DA:11,0
DA:13,1
DA:14,0
DA:16,1
DA:17,0
DA:19,1
DA:20,0
DA:22,1
DA:23,0
DA:25,1
DA:26,0
DA:28,1
DA:29,0
DA:31,1
DA:32,0
DA:34,1
DA:35,0
DA:37,1
DA:38,0
DA:40,1
DA:41,0
DA:43,1
DA:44,0
DA:46,1
DA:47,0
DA:49,1
DA:50,0
DA:52,1
DA:53,0
DA:55,1
DA:56,0
DA:58,1
DA:59,0
DA:61,1
DA:62,0
DA:64,1
DA:65,0
DA:67,1
DA:68,0
DA:70,1
DA:71,0
DA:73,1
DA:74,0
DA:76,1
DA:77,0
DA:79,1
DA:80,0
DA:82,1
DA:83,0
DA:85,1
DA:86,0
DA:88,1
DA:89,0
DA:91,1
DA:92,0
DA:94,1
DA:95,0
DA:97,1
DA:98,0
DA:100,1
DA:101,0
DA:103,1
DA:104,0
DA:106,1
DA:107,0
DA:109,1
DA:110,472
DA:111,472
DA:112,472
DA:113,37785
DA:115,472
DA:117,1
DA:119,1
DA:120,1
DA:121,1
DA:123,1
DA:124,0
DA:126,1
DA:128,1
DA:129,1
DA:130,1
DA:131,3
DA:132,3
DA:134,1
DA:135,0
DA:137,1
DA:138,0
DA:140,1
DA:141,0
DA:143,1
DA:144,0
DA:146,1
DA:147,0
DA:149,1
DA:150,0
DA:152,1
DA:153,0
DA:155,1
DA:156,0
DA:158,1
DA:159,0
DA:161,1
DA:162,0
DA:164,1
DA:165,0
DA:167,1
DA:168,0
DA:170,1
DA:171,0
DA:173,1
DA:174,0
DA:176,1
DA:177,0
DA:179,1
DA:180,0
DA:182,1
DA:183,0
DA:185,1
DA:186,0
DA:188,1
DA:189,0
DA:191,1
DA:192,0
DA:194,1
DA:195,0
DA:197,1
DA:198,0
DA:200,1
DA:201,14
DA:203,1
DA:204,0
DA:206,1
DA:207,0
DA:209,1
DA:210,0
DA:212,1
DA:213,0
DA:215,1
DA:216,0
DA:218,1
DA:220,1
DA:221,1
DA:222,1
DA:224,1
DA:225,12
DA:227,1
DA:228,0
DA:230,1
DA:231,0
DA:233,1
DA:235,1
DA:236,1
DA:237,1
DA:239,1
DA:240,0
DA:242,1
DA:243,0
DA:245,1
DA:246,0
DA:248,1
DA:249,0
DA:251,1
DA:252,1
DA:253,1
DA:254,1
DA:255,1
DA:256,1
DA:257,1
DA:258,1
DA:259,1
DA:260,1
DA:261,1
DA:262,1
DA:264,1
DA:265,1
DA:266,1
DA:267,94
DA:269,1
DA:270,0
DA:272,1
DA:273,0
DA:275,1
DA:276,0
DA:278,1
DA:279,0
DA:281,1
DA:282,1
DA:283,0
DA:285,1
DA:287,1
DA:288,1
DA:289,1
DA:291,1
DA:292,0
DA:294,1
DA:295,0
DA:297,1
DA:298,0
DA:300,1
DA:301,0
DA:303,1
DA:304,13
DA:306,1
DA:308,1
LF:212
LH:136
BRDA:111,1,0,472
BRDA:111,1,1,433
BRF:2
BRH:2
end_of_record
TN:
SF:/usr/src/app/lib/shared/utils/Browser.js
FN:13,contains
FNF:1
FNH:1
FNDA:2,contains
DA:2,1
DA:3,1
DA:4,1
DA:5,1
DA:6,1
DA:7,1
DA:8,1
DA:9,1
DA:10,1
DA:11,1
DA:12,1
DA:13,1
DA:14,2
LF:13
LH:13
BRDA:3,1,0,1
BRDA:3,1,1,0
BRDA:4,2,0,1
BRDA:4,2,1,0
BRDA:5,3,0,1
BRDA:5,3,1,0
BRDA:7,4,0,1
BRDA:7,4,1,1
BRF:8
BRH:5
end_of_record
TN:
SF:/usr/src/app/lib/BufferSet.test.js
FN:7,(anonymous_1)
FN:10,(anonymous_2)
FN:17,(anonymous_3)
FN:18,(anonymous_4)
FN:24,(anonymous_5)
FN:25,(anonymous_6)
FN:28,(anonymous_7)
FN:32,(anonymous_8)
FN:33,(anonymous_9)
FN:36,(anonymous_10)
FNF:10
FNH:10
FNDA:1,(anonymous_1)
FNDA:3,(anonymous_2)
FNDA:1,(anonymous_3)
FNDA:1,(anonymous_4)
FNDA:1,(anonymous_5)
FNDA:1,(anonymous_6)
FNDA:1,(anonymous_7)
FNDA:1,(anonymous_8)
FNDA:1,(anonymous_9)
FNDA:1,(anonymous_10)
DA:2,1
DA:3,1
DA:4,1
DA:5,1
DA:6,1
DA:7,1
DA:8,1
DA:9,1
DA:10,1
DA:11,3
DA:12,3
DA:13,3
DA:14,3
DA:15,3
DA:17,1
DA:18,1
DA:19,1
DA:20,1
DA:21,1
DA:24,1
DA:25,1
DA:26,1
DA:28,1
DA:29,1
DA:32,1
DA:33,1
DA:34,1
DA:36,1
DA:37,1
LF:29
LH:29
BRF:0
BRH:0
end_of_record
TN:
SF:/usr/src/app/lib/BufferSet.js
FN:2,(anonymous_1)
FN:4,(anonymous_2)
FN:5,(anonymous_3)
FN:6,(anonymous_4)
FN:8,__
FN:15,(anonymous_6)
FN:17,BufferSet
FN:28,(anonymous_8)
FN:35,(anonymous_9)
FN:42,(anonymous_10)
FN:48,(anonymous_11)
FN:59,(anonymous_12)
FN:70,(anonymous_13)
FN:74,(anonymous_14)
FNF:14
FNH:12
FNDA:1,(anonymous_1)
FNDA:0,(anonymous_2)
FNDA:0,(anonymous_3)
FNDA:1,(anonymous_4)
FNDA:1,__
FNDA:1,(anonymous_6)
FNDA:1441,BufferSet
FNDA:3,(anonymous_8)
FNDA:351039,(anonymous_9)
FNDA:3,(anonymous_10)
FNDA:1,(anonymous_11)
FNDA:1,(anonymous_12)
FNDA:4,(anonymous_13)
FNDA:1441,(anonymous_14)
DA:2,1
DA:3,1
DA:4,0
DA:5,0
DA:6,1
DA:7,1
DA:8,1
DA:9,1
DA:12,1
DA:13,1
DA:14,1
DA:15,1
DA:16,1
DA:17,1
DA:18,1441
DA:19,1441
DA:20,1441
DA:21,1441
DA:22,1441
DA:23,1441
DA:24,1441
DA:25,1441
DA:27,1
DA:29,3
DA:34,1
DA:36,351039
DA:41,1
DA:43,3
DA:48,1
DA:49,1
DA:50,1
DA:52,0
DA:53,0
DA:54,0
DA:59,1
DA:60,1
DA:61,0
DA:63,1
DA:64,1
DA:65,1
DA:70,1
DA:71,4
DA:72,4
DA:74,1
DA:75,1441
DA:76,1441
DA:78,1
DA:80,1
LF:48
LH:42
BRDA:2,1,0,1
BRDA:2,1,1,1
BRDA:2,1,2,1
BRDA:3,2,0,1
BRDA:3,2,1,0
BRDA:3,2,2,0
BRDA:3,2,3,0
BRDA:5,3,0,0
BRDA:5,3,1,0
BRDA:9,4,0,0
BRDA:9,4,1,1
BRDA:18,5,0,1441
BRDA:18,5,1,1441
BRDA:49,6,0,1
BRDA:49,6,1,0
BRDA:60,7,0,0
BRDA:60,7,1,1
BRF:17
BRH:9
end_of_record
TN:
SF:/usr/src/app/lib/CompositionHelper.test.js
FN:5,(anonymous_1)
FN:11,(anonymous_2)
FN:14,(anonymous_3)
FN:15,(anonymous_4)
FN:17,(anonymous_5)
FN:35,(anonymous_6)
FN:39,(anonymous_7)
FN:56,(anonymous_8)
FN:57,(anonymous_9)
FN:61,(anonymous_10)
FN:63,(anonymous_11)
FN:68,(anonymous_12)
FN:70,(anonymous_13)
FN:78,(anonymous_14)
FN:82,(anonymous_15)
FN:85,(anonymous_16)
FN:88,(anonymous_17)
FN:90,(anonymous_18)
FN:95,(anonymous_19)
FN:98,(anonymous_20)
FN:101,(anonymous_21)
FN:103,(anonymous_22)
FN:115,(anonymous_23)
FN:119,(anonymous_24)
FN:122,(anonymous_25)
FN:125,(anonymous_26)
FN:130,(anonymous_27)
FN:132,(anonymous_28)
FN:141,(anonymous_29)
FN:145,(anonymous_30)
FN:148,(anonymous_31)
FN:151,(anonymous_32)
FN:153,(anonymous_33)
FN:161,(anonymous_34)
FN:165,(anonymous_35)
FN:168,(anonymous_36)
FN:171,(anonymous_37)
FN:174,(anonymous_38)
FN:176,(anonymous_39)
FN:185,(anonymous_40)
FN:189,(anonymous_41)
FN:192,(anonymous_42)
FN:195,(anonymous_43)
FN:198,(anonymous_44)
FN:200,(anonymous_45)
FN:209,(anonymous_46)
FN:213,(anonymous_47)
FN:216,(anonymous_48)
FNF:48
FNH:47
FNDA:1,(anonymous_1)
FNDA:7,(anonymous_2)
FNDA:10,(anonymous_3)
FNDA:10,(anonymous_4)
FNDA:48,(anonymous_5)
FNDA:0,(anonymous_6)
FNDA:10,(anonymous_7)
FNDA:1,(anonymous_8)
FNDA:1,(anonymous_9)
FNDA:1,(anonymous_10)
FNDA:1,(anonymous_11)
FNDA:1,(anonymous_12)
FNDA:1,(anonymous_13)
FNDA:1,(anonymous_14)
FNDA:1,(anonymous_15)
FNDA:1,(anonymous_16)
FNDA:1,(anonymous_17)
FNDA:1,(anonymous_18)
FNDA:1,(anonymous_19)
FNDA:1,(anonymous_20)
FNDA:1,(anonymous_21)
FNDA:1,(anonymous_22)
FNDA:1,(anonymous_23)
FNDA:1,(anonymous_24)
FNDA:1,(anonymous_25)
FNDA:1,(anonymous_26)
FNDA:1,(anonymous_27)
FNDA:1,(anonymous_28)
FNDA:1,(anonymous_29)
FNDA:1,(anonymous_30)
FNDA:1,(anonymous_31)
FNDA:1,(anonymous_32)
FNDA:1,(anonymous_33)
FNDA:1,(anonymous_34)
FNDA:1,(anonymous_35)
FNDA:1,(anonymous_36)
FNDA:1,(anonymous_37)
FNDA:1,(anonymous_38)
FNDA:1,(anonymous_39)
FNDA:1,(anonymous_40)
FNDA:1,(anonymous_41)
FNDA:1,(anonymous_42)
FNDA:1,(anonymous_43)
FNDA:1,(anonymous_44)
FNDA:1,(anonymous_45)
FNDA:1,(anonymous_46)
FNDA:1,(anonymous_47)
FNDA:1,(anonymous_48)
DA:2,1
DA:3,1
DA:4,1
DA:5,1
DA:6,1
DA:7,1
DA:8,1
DA:9,1
DA:10,1
DA:11,1
DA:12,7
DA:18,48
DA:26,7
DA:33,7
DA:36,0
DA:40,10
DA:53,7
DA:54,7
DA:56,1
DA:57,1
DA:58,1
DA:59,1
DA:60,1
DA:61,1
DA:62,1
DA:63,1
DA:64,1
DA:65,1
DA:66,1
DA:67,1
DA:68,1
DA:69,1
DA:70,1
DA:71,1
DA:72,1
DA:78,1
DA:79,1
DA:80,1
DA:81,1
DA:82,1
DA:83,1
DA:84,1
DA:85,1
DA:86,1
DA:87,1
DA:88,1
DA:89,1
DA:90,1
DA:91,1
DA:92,1
DA:93,1
DA:94,1
DA:95,1
DA:96,1
DA:97,1
DA:98,1
DA:99,1
DA:100,1
DA:101,1
DA:102,1
DA:103,1
DA:104,1
DA:105,1
DA:115,1
DA:116,1
DA:117,1
DA:118,1
DA:119,1
DA:120,1
DA:121,1
DA:122,1
DA:123,1
DA:124,1
DA:125,1
DA:126,1
DA:127,1
DA:128,1
DA:129,1
DA:130,1
DA:131,1
DA:132,1
DA:133,1
DA:134,1
DA:141,1
DA:142,1
DA:143,1
DA:144,1
DA:145,1
DA:146,1
DA:147,1
DA:148,1
DA:149,1
DA:150,1
DA:151,1
DA:152,1
DA:153,1
DA:154,1
DA:155,1
DA:161,1
DA:162,1
DA:163,1
DA:164,1
DA:165,1
DA:166,1
DA:167,1
DA:168,1
DA:169,1
DA:170,1
DA:171,1
DA:172,1
DA:173,1
DA:174,1
DA:175,1
DA:176,1
DA:177,1
DA:178,1
DA:185,1
DA:186,1
DA:187,1
DA:188,1
DA:189,1
DA:190,1
DA:191,1
DA:192,1
DA:193,1
DA:194,1
DA:195,1
DA:196,1
DA:197,1
DA:198,1
DA:199,1
DA:200,1
DA:201,1
DA:202,1
DA:209,1
DA:210,1
DA:211,1
DA:212,1
DA:213,1
DA:214,1
DA:215,1
DA:216,1
DA:217,1
DA:218,1
LF:144
LH:143
BRF:0
BRH:0
end_of_record
TN:
SF:/usr/src/app/lib/CompositionHelper.js
FN:3,(anonymous_1)
FN:4,CompositionHelper
FN:12,(anonymous_3)
FN:18,(anonymous_4)
FN:22,(anonymous_5)
FN:26,(anonymous_6)
FN:29,(anonymous_7)
FN:47,(anonymous_8)
FN:63,(anonymous_9)
FN:78,(anonymous_10)
FN:81,(anonymous_11)
FN:91,(anonymous_12)
FN:112,(anonymous_13)
FN:115,(anonymous_14)
FNF:14
FNH:11
FNDA:1,(anonymous_1)
FNDA:7,CompositionHelper
FNDA:10,(anonymous_3)
FNDA:24,(anonymous_4)
FNDA:24,(anonymous_5)
FNDA:10,(anonymous_6)
FNDA:0,(anonymous_7)
FNDA:10,(anonymous_8)
FNDA:10,(anonymous_9)
FNDA:0,(anonymous_10)
FNDA:0,(anonymous_11)
FNDA:48,(anonymous_12)
FNDA:24,(anonymous_13)
FNDA:10,(anonymous_14)
DA:2,1
DA:3,1
DA:4,1
DA:5,7
DA:6,7
DA:7,7
DA:8,7
DA:9,7
DA:10,7
DA:12,1
DA:13,10
DA:14,10
DA:15,10
DA:16,10
DA:18,1
DA:19,24
DA:20,24
DA:21,24
DA:22,24
DA:23,24
DA:26,1
DA:27,10
DA:29,1
DA:30,0
DA:31,0
DA:32,0
DA:34,0
DA:35,0
DA:38,0
DA:41,0
DA:42,0
DA:43,0
DA:45,0
DA:47,1
DA:48,10
DA:49,10
DA:50,10
DA:51,10
DA:52,10
DA:53,0
DA:54,0
DA:55,0
DA:58,10
DA:62,10
DA:63,10
DA:64,10
DA:65,10
DA:66,10
DA:67,10
DA:68,1
DA:71,9
DA:73,10
DA:78,1
DA:79,0
DA:80,0
DA:81,0
DA:82,0
DA:83,0
DA:84,0
DA:85,0
DA:86,0
DA:91,1
DA:92,48
DA:93,48
DA:94,0
DA:96,48
DA:97,48
DA:98,48
DA:99,48
DA:100,48
DA:101,48
DA:102,48
DA:103,48
DA:104,48
DA:105,48
DA:106,48
DA:107,48
DA:108,48
DA:109,48
DA:111,48
DA:112,24
DA:115,1
DA:116,10
DA:117,10
DA:119,1
DA:121,1
LF:86
LH:64
BRDA:30,1,0,0
BRDA:30,1,1,0
BRDA:30,2,0,0
BRDA:30,2,1,0
BRDA:31,3,0,0
BRDA:31,3,1,0
BRDA:34,4,0,0
BRDA:34,4,1,0
BRDA:34,5,0,0
BRDA:34,5,1,0
BRDA:34,5,2,0
BRDA:41,6,0,0
BRDA:41,6,1,0
BRDA:52,7,0,0
BRDA:52,7,1,10
BRDA:64,8,0,10
BRDA:64,8,1,0
BRDA:67,9,0,1
BRDA:67,9,1,9
BRDA:82,10,0,0
BRDA:82,10,1,0
BRDA:85,11,0,0
BRDA:85,11,1,0
BRDA:93,12,0,0
BRDA:93,12,1,48
BRDA:96,13,0,48
BRDA:96,13,1,0
BRDA:111,14,0,24
BRDA:111,14,1,24
BRF:29
BRH:8
end_of_record
TN:
SF:/usr/src/app/lib/EventEmitter.test.js
FN:5,(anonymous_1)
FN:7,(anonymous_2)
FN:10,(anonymous_3)
FN:11,(anonymous_4)
FN:14,(anonymous_5)
FN:15,(anonymous_6)
FN:25,(anonymous_7)
FN:28,(anonymous_8)
FN:29,(anonymous_9)
FN:40,(anonymous_10)
FN:41,(anonymous_11)
FN:43,(anonymous_12)
FN:48,(anonymous_13)
FN:49,(anonymous_14)
FN:50,(anonymous_15)
FN:51,(anonymous_16)
FN:59,(anonymous_17)
FN:60,(anonymous_18)
FN:61,(anonymous_19)
FNF:19
FNH:15
FNDA:1,(anonymous_1)
FNDA:5,(anonymous_2)
FNDA:1,(anonymous_3)
FNDA:1,(anonymous_4)
FNDA:2,(anonymous_5)
FNDA:2,(anonymous_6)
FNDA:1,(anonymous_7)
FNDA:1,(anonymous_8)
FNDA:1,(anonymous_9)
FNDA:1,(anonymous_10)
FNDA:1,(anonymous_11)
FNDA:0,(anonymous_12)
FNDA:1,(anonymous_13)
FNDA:1,(anonymous_14)
FNDA:0,(anonymous_15)
FNDA:0,(anonymous_16)
FNDA:1,(anonymous_17)
FNDA:1,(anonymous_18)
FNDA:0,(anonymous_19)
DA:2,1
DA:3,1
DA:4,1
DA:5,1
DA:6,1
DA:7,1
DA:8,5
DA:10,1
DA:11,1
DA:12,1
DA:13,1
DA:14,2
DA:15,2
DA:16,1
DA:17,1
DA:18,1
DA:19,1
DA:20,1
DA:21,1
DA:22,1
DA:23,1
DA:25,1
DA:26,1
DA:27,1
DA:28,1
DA:29,1
DA:30,1
DA:31,1
DA:32,1
DA:33,1
DA:34,1
DA:35,1
DA:36,1
DA:37,1
DA:40,1
DA:41,1
DA:42,1
DA:43,1
DA:44,1
DA:45,1
DA:48,1
DA:49,1
DA:50,1
DA:51,1
DA:52,1
DA:53,1
DA:54,1
DA:55,1
DA:56,1
DA:59,1
DA:60,1
DA:61,1
DA:62,1
DA:63,1
DA:64,1
LF:55
LH:55
BRF:0
BRH:0
end_of_record
TN:
SF:/usr/src/app/lib/InputHandler.test.js
FN:6,(anonymous_1)
FN:7,(anonymous_2)
FN:21,(anonymous_3)
FN:22,(anonymous_4)
FN:54,(anonymous_5)
FN:55,(anonymous_6)
FNF:6
FNH:6
FNDA:1,(anonymous_1)
FNDA:1,(anonymous_2)
FNDA:1,(anonymous_3)
FNDA:1,(anonymous_4)
FNDA:1,(anonymous_5)
FNDA:1,(anonymous_6)
DA:2,1
DA:3,1
DA:4,1
DA:5,1
DA:6,1
DA:7,1
DA:8,1
DA:9,1
DA:10,1
DA:11,1
DA:12,1
DA:13,1
DA:14,1
DA:15,1
DA:16,1
DA:17,1
DA:18,1
DA:19,1
DA:21,1
DA:22,1
DA:23,1
DA:24,1
DA:25,1
DA:26,1
DA:27,1
DA:28,1
DA:29,1
DA:30,1
DA:31,1
DA:32,1
DA:33,1
DA:34,1
DA:35,1
DA:36,1
DA:37,1
DA:38,1
DA:39,1
DA:40,1
DA:41,1
DA:42,1
DA:43,1
DA:44,1
DA:45,1
DA:46,1
DA:47,1
DA:48,1
DA:49,1
DA:50,1
DA:51,1
DA:54,1
DA:55,1
DA:56,1
DA:57,1
DA:58,1
DA:59,1
DA:60,1
DA:61,1
DA:62,1
DA:63,1
LF:59
LH:59
BRF:0
BRH:0
end_of_record
TN:
SF:/usr/src/app/lib/InputHandler.js
FN:8,(anonymous_1)
FN:9,InputHandler
FN:12,(anonymous_3)
FN:77,(anonymous_4)
FN:80,(anonymous_5)
FN:94,(anonymous_6)
FN:97,(anonymous_7)
FN:102,(anonymous_8)
FN:109,(anonymous_9)
FN:112,(anonymous_10)
FN:115,(anonymous_11)
FN:127,(anonymous_12)
FN:137,(anonymous_13)
FN:150,(anonymous_14)
FN:160,(anonymous_15)
FN:173,(anonymous_16)
FN:184,(anonymous_17)
FN:195,(anonymous_18)
FN:202,(anonymous_19)
FN:226,(anonymous_20)
FN:232,(anonymous_21)
FN:265,(anonymous_22)
FN:278,(anonymous_23)
FN:293,(anonymous_24)
FN:309,(anonymous_25)
FN:322,(anonymous_26)
FN:331,(anonymous_27)
FN:340,(anonymous_28)
FN:352,(anonymous_29)
FN:358,(anonymous_30)
FN:368,(anonymous_31)
FN:378,(anonymous_32)
FN:386,(anonymous_33)
FN:413,(anonymous_34)
FN:423,(anonymous_35)
FN:436,(anonymous_36)
FN:450,(anonymous_37)
FN:459,(anonymous_38)
FN:543,(anonymous_39)
FN:623,(anonymous_40)
FN:732,(anonymous_41)
FN:767,(anonymous_42)
FN:783,(anonymous_43)
FN:802,(anonymous_44)
FN:810,(anonymous_45)
FN:814,(anonymous_46)
FNF:46
FNH:28
FNDA:1,(anonymous_1)
FNDA:1415,InputHandler
FNDA:25130,(anonymous_3)
FNDA:0,(anonymous_4)
FNDA:1567,(anonymous_5)
FNDA:1619,(anonymous_6)
FNDA:11,(anonymous_7)
FNDA:68,(anonymous_8)
FNDA:0,(anonymous_9)
FNDA:0,(anonymous_10)
FNDA:0,(anonymous_11)
FNDA:17,(anonymous_12)
FNDA:11,(anonymous_13)
FNDA:18,(anonymous_14)
FNDA:18,(anonymous_15)
FNDA:4,(anonymous_16)
FNDA:2,(anonymous_17)
FNDA:0,(anonymous_18)
FNDA:8,(anonymous_19)
FNDA:0,(anonymous_20)
FNDA:3,(anonymous_21)
FNDA:2,(anonymous_22)
FNDA:0,(anonymous_23)
FNDA:0,(anonymous_24)
FNDA:13,(anonymous_25)
FNDA:14,(anonymous_26)
FNDA:0,(anonymous_27)
FNDA:12,(anonymous_28)
FNDA:0,(anonymous_29)
FNDA:0,(anonymous_30)
FNDA:14,(anonymous_31)
FNDA:0,(anonymous_32)
FNDA:0,(anonymous_33)
FNDA:0,(anonymous_34)
FNDA:11,(anonymous_35)
FNDA:0,(anonymous_36)
FNDA:8,(anonymous_37)
FNDA:3,(anonymous_38)
FNDA:2,(anonymous_39)
FNDA:140,(anonymous_40)
FNDA:0,(anonymous_41)
FNDA:0,(anonymous_42)
FNDA:7,(anonymous_43)
FNDA:0,(anonymous_44)
FNDA:1,(anonymous_45)
FNDA:1,(anonymous_46)
DA:2,1
DA:3,1
DA:4,1
DA:5,1
DA:6,1
DA:7,1
DA:8,1
DA:9,1
DA:10,1415
DA:12,1
DA:13,25130
DA:14,25130
DA:15,25130
DA:16,0
DA:18,25130
DA:19,0
DA:21,25130
DA:22,25130
DA:23,396
DA:24,396
DA:25,196
DA:26,196
DA:27,196
DA:31,200
DA:32,200
DA:34,396
DA:36,396
DA:38,24734
DA:39,552
DA:40,292
DA:41,292
DA:42,292
DA:43,9
DA:44,9
DA:47,283
DA:51,260
DA:52,0
DA:56,24734
DA:57,24734
DA:58,10
DA:59,13
DA:60,13
DA:63,1
DA:65,13
DA:68,24734
DA:69,24734
DA:70,24734
DA:71,24734
DA:72,339
DA:73,339
DA:77,1
DA:78,0
DA:80,1
DA:81,1567
DA:82,0
DA:84,1567
DA:85,1567
DA:86,780
DA:87,780
DA:89,1567
DA:90,7
DA:92,1567
DA:94,1
DA:95,1619
DA:97,1
DA:98,11
DA:99,11
DA:102,1
DA:103,68
DA:104,68
DA:105,68
DA:106,0
DA:109,1
DA:110,0
DA:112,1
DA:113,0
DA:115,1
DA:116,0
DA:117,0
DA:118,0
DA:119,0
DA:120,0
DA:121,0
DA:122,0
DA:123,0
DA:124,0
DA:127,1
DA:128,17
DA:129,17
DA:130,9
DA:132,17
DA:133,17
DA:134,1
DA:137,1
DA:138,11
DA:139,11
DA:140,6
DA:142,11
DA:143,11
DA:144,2
DA:146,11
DA:147,3
DA:150,1
DA:151,18
DA:152,18
DA:153,5
DA:155,18
DA:156,18
DA:157,6
DA:160,1
DA:161,18
DA:162,18
DA:163,6
DA:165,18
DA:166,5
DA:168,18
DA:169,18
DA:170,4
DA:173,1
DA:174,4
DA:175,4
DA:176,2
DA:178,4
DA:179,4
DA:180,1
DA:182,4
DA:184,1
DA:185,2
DA:186,2
DA:187,1
DA:189,2
DA:190,2
DA:191,1
DA:193,2
DA:195,1
DA:196,0
DA:197,0
DA:198,0
DA:200,0
DA:202,1
DA:203,8
DA:204,8
DA:205,8
DA:206,6
DA:209,2
DA:211,8
DA:212,2
DA:214,6
DA:215,2
DA:217,8
DA:218,0
DA:220,8
DA:221,2
DA:223,8
DA:224,8
DA:226,1
DA:227,0
DA:228,0
DA:229,0
DA:232,1
DA:233,3
DA:234,3
DA:236,2
DA:237,2
DA:238,2
DA:239,41
DA:241,2
DA:243,0
DA:244,0
DA:245,0
DA:246,0
DA:248,0
DA:250,0
DA:251,0
DA:252,0
DA:253,0
DA:255,1
DA:256,1
DA:257,1
DA:258,1
DA:259,1
DA:260,1
DA:262,1
DA:265,1
DA:266,2
DA:268,2
DA:269,2
DA:271,0
DA:272,0
DA:274,0
DA:275,0
DA:278,1
DA:279,0
DA:280,0
DA:281,0
DA:283,0
DA:284,0
DA:285,0
DA:286,0
DA:287,0
DA:288,0
DA:290,0
DA:291,0
DA:293,1
DA:294,0
DA:295,0
DA:296,0
DA:298,0
DA:299,0
DA:300,0
DA:301,0
DA:302,0
DA:303,0
DA:304,0
DA:306,0
DA:307,0
DA:309,1
DA:310,13
DA:311,13
DA:312,8
DA:314,13
DA:315,13
DA:316,13
DA:317,33
DA:318,33
DA:320,13
DA:322,1
DA:323,14
DA:324,14
DA:325,46
DA:326,46
DA:328,14
DA:329,14
DA:331,1
DA:332,0
DA:333,0
DA:334,0
DA:335,0
DA:337,0
DA:338,0
DA:340,1
DA:341,12
DA:342,12
DA:343,8
DA:345,12
DA:346,12
DA:347,12
DA:348,12
DA:349,32
DA:352,1
DA:353,0
DA:354,0
DA:355,0
DA:358,1
DA:359,0
DA:360,0
DA:361,0
DA:363,0
DA:364,0
DA:365,0
DA:368,1
DA:369,14
DA:370,14
DA:371,5
DA:373,14
DA:374,14
DA:375,6
DA:378,1
DA:379,0
DA:380,0
DA:381,0
DA:382,0
DA:383,0
DA:386,1
DA:387,0
DA:388,0
DA:390,0
DA:391,0
DA:392,0
DA:394,0
DA:395,0
DA:398,0
DA:399,0
DA:400,0
DA:402,0
DA:403,0
DA:405,0
DA:406,0
DA:408,0
DA:409,0
DA:413,1
DA:414,0
DA:415,0
DA:416,0
DA:418,0
DA:419,0
DA:420,0
DA:423,1
DA:424,11
DA:425,11
DA:426,6
DA:428,11
DA:429,11
DA:430,2
DA:432,11
DA:433,3
DA:436,1
DA:437,0
DA:438,0
DA:439,0
DA:440,0
DA:441,0
DA:442,0
DA:443,0
DA:445,0
DA:446,0
DA:447,0
DA:450,1
DA:451,8
DA:452,8
DA:453,7
DA:455,1
DA:456,1
DA:459,1
DA:460,3
DA:461,0
DA:462,0
DA:464,0
DA:466,3
DA:467,0
DA:469,0
DA:470,0
DA:472,0
DA:475,3
DA:476,3
DA:478,0
DA:479,0
DA:481,0
DA:482,0
DA:483,0
DA:484,0
DA:485,0
DA:487,0
DA:488,0
DA:489,0
DA:491,0
DA:492,0
DA:494,2
DA:495,2
DA:497,0
DA:499,0
DA:500,0
DA:501,0
DA:502,0
DA:507,0
DA:508,0
DA:509,0
DA:510,0
DA:511,0
DA:512,0
DA:513,0
DA:514,0
DA:516,0
DA:517,0
DA:519,0
DA:520,0
DA:522,0
DA:523,0
DA:525,0
DA:526,0
DA:528,0
DA:529,0
DA:533,0
DA:534,0
DA:535,0
DA:536,0
DA:538,1
DA:539,1
DA:543,1
DA:544,2
DA:545,0
DA:546,0
DA:548,0
DA:550,2
DA:551,0
DA:553,0
DA:554,0
DA:556,0
DA:559,2
DA:560,2
DA:562,0
DA:563,0
DA:565,0
DA:566,0
DA:568,0
DA:569,0
DA:571,0
DA:572,0
DA:574,1
DA:575,1
DA:577,0
DA:579,0
DA:580,0
DA:581,0
DA:582,0
DA:587,0
DA:588,0
DA:589,0
DA:590,0
DA:591,0
DA:592,0
DA:593,0
DA:595,0
DA:596,0
DA:598,0
DA:599,0
DA:601,0
DA:602,0
DA:604,0
DA:605,0
DA:607,0
DA:608,0
DA:612,0
DA:613,0
DA:614,0
DA:615,0
DA:616,0
DA:618,1
DA:619,1
DA:623,1
DA:624,140
DA:625,68
DA:626,68
DA:628,72
DA:629,72
DA:630,72
DA:631,72
DA:632,72
DA:633,72
DA:634,132
DA:635,132
DA:636,60
DA:638,72
DA:639,2
DA:641,70
DA:642,0
DA:643,0
DA:645,70
DA:646,0
DA:647,0
DA:649,70
DA:650,0
DA:651,0
DA:652,0
DA:654,70
DA:655,62
DA:657,8
DA:658,0
DA:660,8
DA:661,0
DA:663,8
DA:664,2
DA:666,6
DA:667,0
DA:669,6
DA:670,0
DA:672,6
DA:673,0
DA:674,0
DA:676,6
DA:677,2
DA:679,4
DA:680,0
DA:682,4
DA:683,4
DA:685,0
DA:686,0
DA:688,0
DA:689,0
DA:691,0
DA:692,0
DA:694,0
DA:695,0
DA:696,0
DA:697,0
DA:698,0
DA:699,0
DA:700,0
DA:702,0
DA:703,0
DA:704,0
DA:705,0
DA:708,0
DA:709,0
DA:710,0
DA:711,0
DA:712,0
DA:713,0
DA:714,0
DA:716,0
DA:717,0
DA:718,0
DA:719,0
DA:722,0
DA:723,0
DA:724,0
DA:727,0
DA:730,72
DA:732,1
DA:733,0
DA:734,0
DA:736,0
DA:737,0
DA:739,0
DA:744,0
DA:747,0
DA:748,0
DA:750,0
DA:755,0
DA:757,0
DA:759,0
DA:761,0
DA:763,0
DA:767,1
DA:768,0
DA:769,0
DA:770,0
DA:771,0
DA:772,0
DA:773,0
DA:774,0
DA:775,0
DA:776,0
DA:777,0
DA:778,0
DA:779,0
DA:780,0
DA:781,0
DA:783,1
DA:784,7
DA:785,7
DA:788,3
DA:789,3
DA:792,2
DA:793,2
DA:796,2
DA:797,2
DA:799,7
DA:800,7
DA:802,1
DA:803,0
DA:804,0
DA:805,0
DA:806,0
DA:807,0
DA:808,0
DA:810,1
DA:811,1
DA:812,1
DA:814,1
DA:815,1
DA:816,1
DA:818,1
DA:820,1
LF:564
LH:283
BRDA:13,1,0,25130
BRDA:13,1,1,0
BRDA:15,2,0,0
BRDA:15,2,1,25130
BRDA:15,3,0,25130
BRDA:15,3,1,0
BRDA:18,4,0,0
BRDA:18,4,1,25130
BRDA:22,5,0,396
BRDA:22,5,1,24734
BRDA:22,6,0,25130
BRDA:22,6,1,396
BRDA:23,7,0,396
BRDA:23,7,1,0
BRDA:24,8,0,196
BRDA:24,8,1,200
BRDA:25,9,0,196
BRDA:25,9,1,0
BRDA:38,10,0,552
BRDA:38,10,1,24182
BRDA:39,11,0,292
BRDA:39,11,1,260
BRDA:42,12,0,9
BRDA:42,12,1,283
BRDA:51,13,0,0
BRDA:51,13,1,260
BRDA:57,14,0,10
BRDA:57,14,1,24724
BRDA:60,15,0,1
BRDA:60,15,1,12
BRDA:60,16,0,13
BRDA:60,16,1,1
BRDA:60,16,2,1
BRDA:71,17,0,339
BRDA:71,17,1,24395
BRDA:81,18,0,0
BRDA:81,18,1,1567
BRDA:85,19,0,780
BRDA:85,19,1,787
BRDA:89,20,0,7
BRDA:89,20,1,1560
BRDA:98,21,0,11
BRDA:98,21,1,0
BRDA:105,22,0,0
BRDA:105,22,1,68
BRDA:117,23,0,0
BRDA:117,23,1,0
BRDA:122,24,0,0
BRDA:122,24,1,0
BRDA:129,25,0,9
BRDA:129,25,1,8
BRDA:133,26,0,1
BRDA:133,26,1,16
BRDA:139,27,0,6
BRDA:139,27,1,5
BRDA:143,28,0,2
BRDA:143,28,1,9
BRDA:146,29,0,3
BRDA:146,29,1,8
BRDA:152,30,0,5
BRDA:152,30,1,13
BRDA:156,31,0,6
BRDA:156,31,1,12
BRDA:162,32,0,6
BRDA:162,32,1,12
BRDA:165,33,0,5
BRDA:165,33,1,13
BRDA:169,34,0,4
BRDA:169,34,1,14
BRDA:175,35,0,2
BRDA:175,35,1,2
BRDA:179,36,0,1
BRDA:179,36,1,3
BRDA:186,37,0,1
BRDA:186,37,1,1
BRDA:190,38,0,1
BRDA:190,38,1,1
BRDA:197,39,0,0
BRDA:197,39,1,0
BRDA:205,40,0,6
BRDA:205,40,1,2
BRDA:211,41,0,2
BRDA:211,41,1,6
BRDA:214,42,0,2
BRDA:214,42,1,4
BRDA:217,43,0,0
BRDA:217,43,1,8
BRDA:220,44,0,2
BRDA:220,44,1,6
BRDA:227,45,0,0
BRDA:227,45,1,0
BRDA:234,46,0,2
BRDA:234,46,1,0
BRDA:234,46,2,0
BRDA:234,46,3,1
BRDA:256,47,0,1
BRDA:256,47,1,0
BRDA:266,48,0,2
BRDA:266,48,1,0
BRDA:266,48,2,0
BRDA:280,49,0,0
BRDA:280,49,1,0
BRDA:295,50,0,0
BRDA:295,50,1,0
BRDA:311,51,0,8
BRDA:311,51,1,5
BRDA:323,52,0,14
BRDA:323,52,1,11
BRDA:332,53,0,0
BRDA:332,53,1,0
BRDA:342,54,0,8
BRDA:342,54,1,4
BRDA:348,55,0,44
BRDA:348,55,1,32
BRDA:353,56,0,0
BRDA:353,56,1,0
BRDA:360,57,0,0
BRDA:360,57,1,0
BRDA:364,58,0,0
BRDA:364,58,1,0
BRDA:370,59,0,5
BRDA:370,59,1,9
BRDA:374,60,0,6
BRDA:374,60,1,8
BRDA:379,61,0,0
BRDA:379,61,1,0
BRDA:381,62,0,0
BRDA:381,62,1,0
BRDA:387,63,0,0
BRDA:387,63,1,0
BRDA:390,64,0,0
BRDA:390,64,1,0
BRDA:391,65,0,0
BRDA:391,65,1,0
BRDA:391,66,0,0
BRDA:391,66,1,0
BRDA:391,66,2,0
BRDA:394,67,0,0
BRDA:394,67,1,0
BRDA:398,68,0,0
BRDA:398,68,1,0
BRDA:399,69,0,0
BRDA:399,69,1,0
BRDA:402,70,0,0
BRDA:402,70,1,0
BRDA:405,71,0,0
BRDA:405,71,1,0
BRDA:408,72,0,0
BRDA:408,72,1,0
BRDA:415,73,0,0
BRDA:415,73,1,0
BRDA:419,74,0,0
BRDA:419,74,1,0
BRDA:425,75,0,6
BRDA:425,75,1,5
BRDA:429,76,0,2
BRDA:429,76,1,9
BRDA:432,77,0,3
BRDA:432,77,1,8
BRDA:437,78,0,0
BRDA:437,78,1,0
BRDA:439,79,0,0
BRDA:439,79,1,0
BRDA:442,80,0,0
BRDA:442,80,1,0
BRDA:446,81,0,0
BRDA:446,81,1,0
BRDA:452,82,0,7
BRDA:452,82,1,1
BRDA:455,83,0,1
BRDA:455,83,1,0
BRDA:460,84,0,0
BRDA:460,84,1,3
BRDA:466,85,0,0
BRDA:466,85,1,3
BRDA:467,86,0,0
BRDA:467,86,1,0
BRDA:475,87,0,3
BRDA:475,87,1,0
BRDA:476,88,0,0
BRDA:476,88,1,0
BRDA:476,88,2,0
BRDA:476,88,3,0
BRDA:476,88,4,2
BRDA:476,88,5,0
BRDA:476,88,6,0
BRDA:476,88,7,0
BRDA:476,88,8,0
BRDA:476,88,9,0
BRDA:476,88,10,0
BRDA:476,88,11,0
BRDA:476,88,12,0
BRDA:476,88,13,0
BRDA:476,88,14,0
BRDA:476,88,15,0
BRDA:476,88,16,0
BRDA:476,88,17,0
BRDA:476,88,18,0
BRDA:476,88,19,1
BRDA:544,89,0,0
BRDA:544,89,1,2
BRDA:550,90,0,0
BRDA:550,90,1,2
BRDA:551,91,0,0
BRDA:551,91,1,0
BRDA:559,92,0,2
BRDA:559,92,1,0
BRDA:560,93,0,0
BRDA:560,93,1,0
BRDA:560,93,2,0
BRDA:560,93,3,1
BRDA:560,93,4,0
BRDA:560,93,5,0
BRDA:560,93,6,0
BRDA:560,93,7,0
BRDA:560,93,8,0
BRDA:560,93,9,0
BRDA:560,93,10,0
BRDA:560,93,11,0
BRDA:560,93,12,0
BRDA:560,93,13,0
BRDA:560,93,14,0
BRDA:560,93,15,0
BRDA:560,93,16,0
BRDA:560,93,17,0
BRDA:560,93,18,1
BRDA:565,94,0,0
BRDA:565,94,1,0
BRDA:565,95,0,0
BRDA:565,95,1,0
BRDA:624,96,0,68
BRDA:624,96,1,72
BRDA:624,97,0,140
BRDA:624,97,1,80
BRDA:635,98,0,60
BRDA:635,98,1,72
BRDA:635,99,0,132
BRDA:635,99,1,62
BRDA:638,100,0,2
BRDA:638,100,1,70
BRDA:638,101,0,72
BRDA:638,101,1,2
BRDA:641,102,0,0
BRDA:641,102,1,70
BRDA:641,103,0,70
BRDA:641,103,1,0
BRDA:645,104,0,0
BRDA:645,104,1,70
BRDA:645,105,0,70
BRDA:645,105,1,0
BRDA:649,106,0,0
BRDA:649,106,1,70
BRDA:654,107,0,62
BRDA:654,107,1,8
BRDA:657,108,0,0
BRDA:657,108,1,8
BRDA:660,109,0,0
BRDA:660,109,1,8
BRDA:663,110,0,2
BRDA:663,110,1,6
BRDA:666,111,0,0
BRDA:666,111,1,6
BRDA:669,112,0,0
BRDA:669,112,1,6
BRDA:672,113,0,0
BRDA:672,113,1,6
BRDA:676,114,0,2
BRDA:676,114,1,4
BRDA:679,115,0,0
BRDA:679,115,1,4
BRDA:682,116,0,4
BRDA:682,116,1,0
BRDA:685,117,0,0
BRDA:685,117,1,0
BRDA:688,118,0,0
BRDA:688,118,1,0
BRDA:691,119,0,0
BRDA:691,119,1,0
BRDA:694,120,0,0
BRDA:694,120,1,0
BRDA:695,121,0,0
BRDA:695,121,1,0
BRDA:698,122,0,0
BRDA:698,122,1,0
BRDA:702,123,0,0
BRDA:702,123,1,0
BRDA:708,124,0,0
BRDA:708,124,1,0
BRDA:709,125,0,0
BRDA:709,125,1,0
BRDA:712,126,0,0
BRDA:712,126,1,0
BRDA:716,127,0,0
BRDA:716,127,1,0
BRDA:722,128,0,0
BRDA:722,128,1,0
BRDA:733,129,0,0
BRDA:733,129,1,0
BRDA:734,130,0,0
BRDA:734,130,1,0
BRDA:747,131,0,0
BRDA:747,131,1,0
BRDA:748,132,0,0
BRDA:748,132,1,0
BRDA:748,132,2,0
BRDA:748,132,3,0
BRDA:748,132,4,0
BRDA:784,133,0,1
BRDA:784,133,1,6
BRDA:785,134,0,2
BRDA:785,134,1,3
BRDA:785,134,2,1
BRDA:785,134,3,2
BRDA:785,134,4,1
BRDA:785,134,5,2
BRDA:803,135,0,0
BRDA:803,135,1,0
BRDA:805,136,0,0
BRDA:805,136,1,0
BRDA:806,137,0,0
BRDA:806,137,1,0
BRDA:806,138,0,0
BRDA:806,138,1,0
BRDA:815,139,0,1
BRDA:815,139,1,0
BRDA:816,140,0,1
BRDA:816,140,1,0
BRF:327
BRH:147
end_of_record
TN:
SF:/usr/src/app/lib/EscapeSequences.js
FN:4,(anonymous_1)
FNF:1
FNH:1
FNDA:1,(anonymous_1)
DA:2,1
DA:3,1
DA:4,1
DA:5,1
DA:6,1
DA:7,1
DA:8,1
DA:9,1
DA:10,1
DA:11,1
DA:12,1
DA:13,1
DA:14,1
DA:15,1
DA:16,1
DA:17,1
DA:18,1
DA:19,1
DA:20,1
DA:21,1
DA:22,1
DA:23,1
DA:24,1
DA:25,1
DA:26,1
DA:27,1
DA:28,1
DA:29,1
DA:30,1
DA:31,1
DA:32,1
DA:33,1
DA:34,1
DA:35,1
DA:36,1
DA:37,1
DA:38,1
LF:37
LH:37
BRDA:39,1,0,1
BRDA:39,1,1,1
BRF:2
BRH:2
end_of_record
TN:
SF:/usr/src/app/lib/Charsets.js
FNF:0
FNH:0
DA:2,1
DA:3,1
DA:4,1
DA:5,1
DA:38,1
DA:41,1
DA:42,1
DA:53,1
DA:65,1
DA:76,1
DA:88,1
DA:98,1
DA:110,1
DA:123,1
DA:133,1
DA:146,1
LF:16
LH:16
BRF:0
BRH:0
end_of_record
TN:
SF:/usr/src/app/lib/renderer/Types.js
FN:4,(anonymous_1)
FNF:1
FNH:1
FNDA:1,(anonymous_1)
DA:2,1
DA:3,1
DA:4,1
DA:5,1
DA:6,1
DA:7,1
DA:8,1
DA:9,1
DA:10,1
LF:9
LH:9
BRDA:11,1,0,1
BRDA:11,1,1,1
BRF:2
BRH:2
end_of_record
TN:
SF:/usr/src/app/lib/CharWidth.js
FN:3,(anonymous_1)
FN:56,bisearch
FN:77,wcwidthBMP
FN:92,isWideBMP
FN:104,wcwidthHigh
FN:115,init_table
FN:134,(anonymous_7)
FNF:7
FNH:7
FNDA:1,(anonymous_1)
FNDA:66948,bisearch
FNDA:65536,wcwidthBMP
FNDA:64667,isWideBMP
FNDA:1477,wcwidthHigh
FNDA:1,init_table
FNDA:25130,(anonymous_7)
DA:2,1
DA:3,1
DA:4,1
DA:49,1
DA:56,1
DA:57,66948
DA:58,66948
DA:59,66948
DA:60,66948
DA:61,2086
DA:63,64862
DA:64,453166
DA:65,453166
DA:66,303247
DA:68,149919
DA:69,149115
DA:72,804
DA:75,64058
DA:77,1
DA:78,65536
DA:79,1
DA:81,65535
DA:82,64
DA:84,65471
DA:85,804
DA:87,64667
DA:88,42239
DA:90,22428
DA:92,1
DA:93,64667
DA:104,1
DA:105,1477
DA:106,0
DA:108,1477
DA:109,98
DA:111,1379
DA:113,1
DA:114,1
DA:115,1
DA:116,1
DA:117,1
DA:118,1
DA:119,1
DA:120,1
DA:121,1
DA:124,1
DA:125,4096
DA:126,4096
DA:127,4096
DA:128,65536
DA:130,4096
DA:132,1
DA:134,1
DA:135,25130
DA:136,25130
DA:137,0
DA:139,25130
DA:140,23016
DA:142,2114
DA:143,2114
DA:144,637
DA:146,1477
LF:62
LH:60
BRDA:60,1,0,2086
BRDA:60,1,1,64862
BRDA:60,2,0,66948
BRDA:60,2,1,64866
BRDA:65,3,0,303247
BRDA:65,3,1,149919
BRDA:68,4,0,149115
BRDA:68,4,1,804
BRDA:78,5,0,1
BRDA:78,5,1,65535
BRDA:81,6,0,64
BRDA:81,6,1,65471
BRDA:81,7,0,65535
BRDA:81,7,1,65504
BRDA:81,7,2,65409
BRDA:84,8,0,804
BRDA:84,8,1,64667
BRDA:87,9,0,42239
BRDA:87,9,1,22428
BRDA:93,10,0,64667
BRDA:93,10,1,60853
BRDA:93,10,2,60757
BRDA:93,10,3,60756
BRDA:93,10,4,60755
BRDA:93,10,5,53595
BRDA:93,10,6,30280
BRDA:93,10,7,30476
BRDA:93,10,8,21479
BRDA:93,10,9,19304
BRDA:93,10,10,1767
BRDA:93,10,11,18792
BRDA:93,10,12,488
BRDA:93,10,13,18782
BRDA:93,10,14,460
BRDA:93,10,15,18718
BRDA:93,10,16,253
BRDA:93,10,17,18621
BRDA:93,10,18,29
BRDA:105,11,0,0
BRDA:105,11,1,1477
BRDA:108,12,0,98
BRDA:108,12,1,1379
BRDA:108,13,0,1477
BRDA:108,13,1,98
BRDA:108,13,2,1379
BRDA:108,13,3,0
BRDA:121,14,0,0
BRDA:121,14,1,1
BRDA:136,15,0,0
BRDA:136,15,1,25130
BRDA:139,16,0,23016
BRDA:139,16,1,2114
BRDA:142,17,0,2114
BRDA:142,17,1,1
BRDA:143,18,0,637
BRDA:143,18,1,1477
BRF:56
BRH:52
end_of_record
TN:
SF:/usr/src/app/lib/Linkifier.test.js
FN:2,(anonymous_1)
FN:4,(anonymous_2)
FN:5,(anonymous_3)
FN:6,(anonymous_4)
FN:8,__
FN:17,(anonymous_6)
FN:19,TestLinkifier
FN:25,(anonymous_8)
FN:29,(anonymous_9)
FN:32,(anonymous_10)
FN:33,TestMouseZoneManager
FN:37,(anonymous_12)
FN:40,(anonymous_13)
FN:45,(anonymous_14)
FN:49,(anonymous_15)
FN:59,stringToRow
FN:66,addRow
FN:69,assertLinkifiesRow
FN:71,(anonymous_19)
FN:73,(anonymous_20)
FN:75,(anonymous_21)
FN:83,(anonymous_22)
FN:84,(anonymous_23)
FN:85,(anonymous_24)
FN:86,(anonymous_25)
FN:92,(anonymous_26)
FN:93,(anonymous_27)
FN:96,(anonymous_28)
FN:97,(anonymous_29)
FN:100,(anonymous_30)
FN:103,(anonymous_31)
FN:106,(anonymous_32)
FN:109,(anonymous_33)
FN:112,(anonymous_34)
FN:115,(anonymous_35)
FN:118,(anonymous_36)
FN:122,(anonymous_37)
FN:123,(anonymous_38)
FN:125,(anonymous_39)
FN:126,(anonymous_40)
FN:138,(anonymous_41)
FN:140,(anonymous_42)
FN:141,(anonymous_43)
FN:148,(anonymous_44)
FN:150,(anonymous_45)
FN:151,(anonymous_46)
FN:158,(anonymous_47)
FN:160,(anonymous_48)
FN:163,(anonymous_49)
FN:164,(anonymous_50)
FN:175,(anonymous_51)
FN:176,(anonymous_52)
FN:177,(anonymous_53)
FN:178,(anonymous_54)
FN:179,(anonymous_55)
FN:181,(anonymous_56)
FN:182,(anonymous_57)
FN:183,(anonymous_58)
FN:184,(anonymous_59)
FN:186,(anonymous_60)
FN:187,(anonymous_61)
FN:188,(anonymous_62)
FN:189,(anonymous_63)
FNF:63
FNH:50
FNDA:1,(anonymous_1)
FNDA:0,(anonymous_2)
FNDA:0,(anonymous_3)
FNDA:1,(anonymous_4)
FNDA:1,__
FNDA:1,(anonymous_6)
FNDA:16,TestLinkifier
FNDA:3,(anonymous_8)
FNDA:12,(anonymous_9)
FNDA:1,(anonymous_10)
FNDA:16,TestMouseZoneManager
FNDA:12,(anonymous_12)
FNDA:12,(anonymous_13)
FNDA:1,(anonymous_14)
FNDA:16,(anonymous_15)
FNDA:12,stringToRow
FNDA:12,addRow
FNDA:8,assertLinkifiesRow
FNDA:0,(anonymous_19)
FNDA:8,(anonymous_20)
FNDA:11,(anonymous_21)
FNDA:1,(anonymous_22)
FNDA:1,(anonymous_23)
FNDA:1,(anonymous_24)
FNDA:0,(anonymous_25)
FNDA:1,(anonymous_26)
FNDA:15,(anonymous_27)
FNDA:1,(anonymous_28)
FNDA:1,(anonymous_29)
FNDA:1,(anonymous_30)
FNDA:1,(anonymous_31)
FNDA:1,(anonymous_32)
FNDA:1,(anonymous_33)
FNDA:1,(anonymous_34)
FNDA:1,(anonymous_35)
FNDA:1,(anonymous_36)
FNDA:1,(anonymous_37)
FNDA:1,(anonymous_38)
FNDA:1,(anonymous_39)
FNDA:1,(anonymous_40)
FNDA:1,(anonymous_41)
FNDA:0,(anonymous_42)
FNDA:1,(anonymous_43)
FNDA:1,(anonymous_44)
FNDA:0,(anonymous_45)
FNDA:1,(anonymous_46)
FNDA:1,(anonymous_47)
FNDA:1,(anonymous_48)
FNDA:0,(anonymous_49)
FNDA:2,(anonymous_50)
FNDA:1,(anonymous_51)
FNDA:1,(anonymous_52)
FNDA:0,(anonymous_53)
FNDA:0,(anonymous_54)
FNDA:2,(anonymous_55)
FNDA:1,(anonymous_56)
FNDA:0,(anonymous_57)
FNDA:0,(anonymous_58)
FNDA:2,(anonymous_59)
FNDA:1,(anonymous_60)
FNDA:0,(anonymous_61)
FNDA:0,(anonymous_62)
FNDA:2,(anonymous_63)
DA:2,1
DA:3,1
DA:4,0
DA:5,0
DA:6,1
DA:7,1
DA:8,1
DA:9,1
DA:12,1
DA:13,1
DA:14,1
DA:15,1
DA:16,1
DA:17,1
DA:18,1
DA:19,1
DA:20,16
DA:21,16
DA:22,16
DA:24,1
DA:25,3
DA:29,12
DA:30,1
DA:32,1
DA:33,1
DA:34,16
DA:35,16
DA:37,1
DA:38,12
DA:40,1
DA:41,12
DA:43,1
DA:45,1
DA:46,1
DA:47,1
DA:48,1
DA:49,1
DA:50,16
DA:54,16
DA:55,16
DA:56,16
DA:57,16
DA:59,1
DA:60,12
DA:61,12
DA:62,97
DA:64,12
DA:66,1
DA:67,12
DA:69,1
DA:70,8
DA:71,8
DA:72,8
DA:73,8
DA:74,8
DA:75,8
DA:76,11
DA:77,11
DA:78,11
DA:80,8
DA:83,1
DA:84,1
DA:85,1
DA:86,1
DA:87,1
DA:88,1
DA:92,1
DA:93,1
DA:94,15
DA:96,1
DA:97,1
DA:98,1
DA:100,1
DA:101,1
DA:103,1
DA:104,1
DA:106,1
DA:107,1
DA:109,1
DA:110,1
DA:112,1
DA:113,1
DA:115,1
DA:116,1
DA:118,1
DA:119,1
DA:122,1
DA:123,1
DA:124,1
DA:125,1
DA:127,1
DA:128,1
DA:129,1
DA:130,1
DA:131,1
DA:132,1
DA:133,1
DA:136,1
DA:138,1
DA:139,1
DA:140,1
DA:142,1
DA:143,1
DA:146,1
DA:148,1
DA:149,1
DA:150,1
DA:152,1
DA:153,1
DA:154,1
DA:157,1
DA:158,1
DA:160,1
DA:161,1
DA:162,1
DA:163,1
DA:165,2
DA:166,2
DA:167,1
DA:169,2
DA:172,1
DA:175,1
DA:176,1
DA:177,1
DA:178,1
DA:179,2
DA:181,1
DA:182,1
DA:183,1
DA:184,2
DA:186,1
DA:187,1
DA:188,1
DA:189,2
LF:134
LH:132
BRDA:2,1,0,1
BRDA:2,1,1,1
BRDA:2,1,2,1
BRDA:3,2,0,1
BRDA:3,2,1,0
BRDA:3,2,2,0
BRDA:3,2,3,0
BRDA:5,3,0,0
BRDA:5,3,1,0
BRDA:9,4,0,0
BRDA:9,4,1,1
BRDA:20,5,0,16
BRDA:20,5,1,0
BRDA:166,6,0,1
BRDA:166,6,1,1
BRF:15
BRH:8
end_of_record
TN:
SF:/usr/src/app/lib/Linkifier.js
FN:2,(anonymous_1)
FN:4,(anonymous_2)
FN:5,(anonymous_3)
FN:6,(anonymous_4)
FN:8,__
FN:16,(anonymous_6)
FN:18,Linkifier
FN:29,(anonymous_8)
FN:32,(anonymous_9)
FN:49,(anonymous_10)
FN:51,(anonymous_11)
FN:59,(anonymous_12)
FN:78,(anonymous_13)
FN:91,(anonymous_14)
FN:100,(anonymous_15)
FN:110,(anonymous_16)
FN:120,(anonymous_17)
FN:138,(anonymous_18)
FN:140,(anonymous_19)
FN:145,(anonymous_20)
FN:148,(anonymous_21)
FN:153,(anonymous_22)
FN:159,(anonymous_23)
FNF:23
FNH:17
FNDA:1,(anonymous_1)
FNDA:0,(anonymous_2)
FNDA:0,(anonymous_3)
FNDA:1,(anonymous_4)
FNDA:1,__
FNDA:1,(anonymous_6)
FNDA:147,Linkifier
FNDA:15,(anonymous_8)
FNDA:12,(anonymous_9)
FNDA:12,(anonymous_10)
FNDA:12,(anonymous_11)
FNDA:19,(anonymous_12)
FNDA:19,(anonymous_13)
FNDA:1,(anonymous_14)
FNDA:12,(anonymous_15)
FNDA:20,(anonymous_16)
FNDA:4,(anonymous_17)
FNDA:12,(anonymous_18)
FNDA:1,(anonymous_19)
FNDA:0,(anonymous_20)
FNDA:0,(anonymous_21)
FNDA:0,(anonymous_22)
FNDA:0,(anonymous_23)
DA:2,1
DA:3,1
DA:4,0
DA:5,0
DA:6,1
DA:7,1
DA:8,1
DA:9,1
DA:12,1
DA:13,1
DA:14,1
DA:15,1
DA:16,1
DA:17,1
DA:18,1
DA:19,147
DA:20,147
DA:21,147
DA:22,147
DA:23,147
DA:27,147
DA:29,1
DA:30,15
DA:32,1
DA:33,12
DA:34,12
DA:35,0
DA:37,12
DA:38,12
DA:39,12
DA:42,0
DA:43,0
DA:45,12
DA:46,12
DA:47,0
DA:49,12
DA:51,1
DA:52,12
DA:53,12
DA:54,12
DA:56,12
DA:57,12
DA:59,1
DA:60,19
DA:61,19
DA:62,0
DA:64,19
DA:75,19
DA:76,19
DA:78,1
DA:79,19
DA:80,16
DA:81,16
DA:83,3
DA:84,3
DA:85,2
DA:86,2
DA:89,1
DA:91,1
DA:92,1
DA:93,1
DA:94,1
DA:95,1
DA:98,0
DA:100,1
DA:101,12
DA:102,12
DA:103,0
DA:105,12
DA:106,12
DA:107,12
DA:110,1
DA:111,20
DA:112,20
DA:113,20
DA:114,20
DA:115,4
DA:117,16
DA:118,16
DA:119,16
DA:120,5
DA:121,4
DA:122,0
DA:124,4
DA:125,1
DA:130,11
DA:132,16
DA:133,16
DA:134,16
DA:135,8
DA:138,1
DA:139,12
DA:140,12
DA:141,1
DA:142,1
DA:144,0
DA:146,0
DA:147,0
DA:149,0
DA:150,0
DA:151,0
DA:154,0
DA:155,0
DA:156,0
DA:157,0
DA:160,0
DA:161,0
DA:163,0
DA:166,1
DA:167,1
DA:169,1
LF:111
LH:88
BRDA:2,1,0,1
BRDA:2,1,1,1
BRDA:2,1,2,1
BRDA:3,2,0,1
BRDA:3,2,1,0
BRDA:3,2,2,0
BRDA:3,2,3,0
BRDA:5,3,0,0
BRDA:5,3,1,0
BRDA:9,4,0,0
BRDA:9,4,1,1
BRDA:19,5,0,147
BRDA:19,5,1,147
BRDA:34,6,0,0
BRDA:34,6,1,12
BRDA:37,7,0,12
BRDA:37,7,1,0
BRDA:46,8,0,0
BRDA:46,8,1,12
BRDA:60,9,0,9
BRDA:60,9,1,10
BRDA:61,10,0,0
BRDA:61,10,1,19
BRDA:73,11,0,19
BRDA:73,11,1,15
BRDA:79,12,0,16
BRDA:79,12,1,3
BRDA:84,13,0,2
BRDA:84,13,1,1
BRDA:93,14,0,1
BRDA:93,14,1,0
BRDA:102,15,0,0
BRDA:102,15,1,12
BRDA:112,16,0,12
BRDA:112,16,1,8
BRDA:114,17,0,4
BRDA:114,17,1,16
BRDA:114,18,0,20
BRDA:114,18,1,16
BRDA:117,19,0,16
BRDA:117,19,1,0
BRDA:119,20,0,5
BRDA:119,20,1,11
BRDA:121,21,0,0
BRDA:121,21,1,4
BRDA:124,22,0,1
BRDA:124,22,1,3
BRDA:134,23,0,8
BRDA:134,23,1,8
BRDA:141,24,0,1
BRDA:141,24,1,0
BRDA:150,25,0,0
BRDA:150,25,1,0
BRDA:156,26,0,0
BRDA:156,26,1,0
BRDA:160,27,0,0
BRDA:160,27,1,0
BRF:57
BRH:36
end_of_record
TN:
SF:/usr/src/app/lib/Types.js
FN:4,(anonymous_1)
FNF:1
FNH:1
FNDA:1,(anonymous_1)
DA:2,1
DA:3,1
DA:4,1
DA:5,1
DA:6,1
DA:7,1
LF:6
LH:6
BRDA:8,1,0,1
BRDA:8,1,1,1
BRF:2
BRH:2
end_of_record
TN:
SF:/usr/src/app/lib/input/MouseZoneManager.js
FN:4,(anonymous_1)
FN:5,MouseZoneManager
FN:13,(anonymous_3)
FN:14,(anonymous_4)
FN:15,(anonymous_5)
FN:17,(anonymous_6)
FN:23,(anonymous_7)
FN:45,(anonymous_8)
FN:52,(anonymous_9)
FN:59,(anonymous_10)
FN:65,(anonymous_11)
FN:85,(anonymous_12)
FN:87,(anonymous_13)
FN:94,(anonymous_14)
FN:106,(anonymous_15)
FN:114,(anonymous_16)
FN:130,(anonymous_17)
FN:131,MouseZone
FNF:18
FNH:3
FNDA:1,(anonymous_1)
FNDA:0,MouseZoneManager
FNDA:0,(anonymous_3)
FNDA:0,(anonymous_4)
FNDA:0,(anonymous_5)
FNDA:0,(anonymous_6)
FNDA:0,(anonymous_7)
FNDA:0,(anonymous_8)
FNDA:0,(anonymous_9)
FNDA:0,(anonymous_10)
FNDA:0,(anonymous_11)
FNDA:0,(anonymous_12)
FNDA:0,(anonymous_13)
FNDA:0,(anonymous_14)
FNDA:0,(anonymous_15)
FNDA:0,(anonymous_16)
FNDA:1,(anonymous_17)
FNDA:12,MouseZone
DA:2,1
DA:3,1
DA:4,1
DA:5,1
DA:6,0
DA:7,0
DA:8,0
DA:9,0
DA:10,0
DA:11,0
DA:12,0
DA:13,0
DA:14,0
DA:15,0
DA:17,1
DA:18,0
DA:19,0
DA:20,0
DA:23,1
DA:24,0
DA:25,0
DA:27,0
DA:28,0
DA:29,0
DA:31,0
DA:32,0
DA:33,0
DA:34,0
DA:35,0
DA:36,0
DA:38,0
DA:41,0
DA:42,0
DA:45,1
DA:46,0
DA:47,0
DA:48,0
DA:49,0
DA:52,1
DA:53,0
DA:54,0
DA:55,0
DA:56,0
DA:59,1
DA:60,0
DA:61,0
DA:62,0
DA:65,1
DA:66,0
DA:67,0
DA:68,0
DA:69,0
DA:71,0
DA:72,0
DA:73,0
DA:74,0
DA:75,0
DA:78,0
DA:79,0
DA:81,0
DA:82,0
DA:83,0
DA:85,0
DA:87,1
DA:88,0
DA:89,0
DA:90,0
DA:91,0
DA:94,1
DA:95,0
DA:96,0
DA:98,0
DA:99,0
DA:100,0
DA:101,0
DA:102,0
DA:106,1
DA:107,0
DA:108,0
DA:109,0
DA:110,0
DA:111,0
DA:114,1
DA:115,0
DA:116,0
DA:117,0
DA:119,0
DA:120,0
DA:121,0
DA:122,0
DA:125,0
DA:127,1
DA:129,1
DA:130,1
DA:131,1
DA:132,12
DA:133,12
DA:134,12
DA:135,12
DA:136,12
DA:137,12
DA:138,12
DA:139,12
DA:141,1
DA:143,1
LF:105
LH:28
BRDA:19,1,0,0
BRDA:19,1,1,0
BRDA:24,2,0,0
BRDA:24,2,1,0
BRDA:27,3,0,0
BRDA:27,3,1,0
BRDA:33,4,0,0
BRDA:33,4,1,0
BRDA:33,5,0,0
BRDA:33,5,1,0
BRDA:34,6,0,0
BRDA:34,6,1,0
BRDA:34,7,0,0
BRDA:34,7,1,0
BRDA:41,8,0,0
BRDA:41,8,1,0
BRDA:46,9,0,0
BRDA:46,9,1,0
BRDA:53,10,0,0
BRDA:53,10,1,0
BRDA:60,11,0,0
BRDA:60,11,1,0
BRDA:60,12,0,0
BRDA:60,12,1,0
BRDA:68,13,0,0
BRDA:68,13,1,0
BRDA:71,14,0,0
BRDA:71,14,1,0
BRDA:74,15,0,0
BRDA:74,15,1,0
BRDA:78,16,0,0
BRDA:78,16,1,0
BRDA:82,17,0,0
BRDA:82,17,1,0
BRDA:90,18,0,0
BRDA:90,18,1,0
BRDA:90,19,0,0
BRDA:90,19,1,0
BRDA:95,20,0,0
BRDA:95,20,1,0
BRDA:99,21,0,0
BRDA:99,21,1,0
BRDA:100,22,0,0
BRDA:100,22,1,0
BRDA:108,23,0,0
BRDA:108,23,1,0
BRDA:116,24,0,0
BRDA:116,24,1,0
BRDA:121,25,0,0
BRDA:121,25,1,0
BRDA:121,26,0,0
BRDA:121,26,1,0
BRDA:121,26,2,0
BRF:53
BRH:0
end_of_record
TN:
SF:/usr/src/app/lib/SelectionManager.test.js
FN:2,(anonymous_1)
FN:4,(anonymous_2)
FN:5,(anonymous_3)
FN:6,(anonymous_4)
FN:8,__
FN:17,(anonymous_6)
FN:19,TestMockTerminal
FN:22,(anonymous_8)
FN:25,(anonymous_9)
FN:27,TestSelectionManager
FN:31,(anonymous_11)
FN:35,(anonymous_12)
FN:36,(anonymous_13)
FN:37,(anonymous_14)
FN:38,(anonymous_15)
FN:39,(anonymous_16)
FN:42,(anonymous_17)
FN:46,(anonymous_18)
FN:56,stringToRow
FN:63,stringArrayToRow
FN:64,(anonymous_21)
FN:66,(anonymous_22)
FN:67,(anonymous_23)
FN:84,(anonymous_24)
FN:97,(anonymous_25)
FN:146,(anonymous_26)
FN:181,(anonymous_27)
FN:182,(anonymous_28)
FN:191,(anonymous_29)
FN:202,(anonymous_30)
FN:219,(anonymous_31)
FN:250,(anonymous_32)
FN:285,(anonymous_33)
FN:286,(anonymous_34)
FN:294,(anonymous_35)
FN:295,(anonymous_36)
FN:307,(anonymous_37)
FN:308,(anonymous_38)
FNF:38
FNH:35
FNDA:1,(anonymous_1)
FNDA:0,(anonymous_2)
FNDA:0,(anonymous_3)
FNDA:2,(anonymous_4)
FNDA:2,__
FNDA:1,(anonymous_6)
FNDA:12,TestMockTerminal
FNDA:1,(anonymous_8)
FNDA:1,(anonymous_9)
FNDA:12,TestSelectionManager
FNDA:8,(anonymous_11)
FNDA:1,(anonymous_12)
FNDA:84,(anonymous_13)
FNDA:12,(anonymous_14)
FNDA:0,(anonymous_15)
FNDA:1,(anonymous_16)
FNDA:1,(anonymous_17)
FNDA:12,(anonymous_18)
FNDA:12,stringToRow
FNDA:2,stringArrayToRow
FNDA:23,(anonymous_21)
FNDA:1,(anonymous_22)
FNDA:1,(anonymous_23)
FNDA:1,(anonymous_24)
FNDA:1,(anonymous_25)
FNDA:1,(anonymous_26)
FNDA:1,(anonymous_27)
FNDA:1,(anonymous_28)
FNDA:1,(anonymous_29)
FNDA:1,(anonymous_30)
FNDA:1,(anonymous_31)
FNDA:1,(anonymous_32)
FNDA:1,(anonymous_33)
FNDA:1,(anonymous_34)
FNDA:1,(anonymous_35)
FNDA:1,(anonymous_36)
FNDA:1,(anonymous_37)
FNDA:1,(anonymous_38)
DA:2,1
DA:3,1
DA:4,0
DA:5,0
DA:6,1
DA:7,2
DA:8,2
DA:9,2
DA:12,1
DA:13,1
DA:14,1
DA:15,1
DA:16,1
DA:17,1
DA:18,1
DA:19,1
DA:20,12
DA:22,1
DA:23,1
DA:25,1
DA:26,1
DA:27,1
DA:28,12
DA:30,1
DA:31,8
DA:35,1
DA:36,84
DA:37,1
DA:38,1
DA:39,1
DA:40,1
DA:42,1
DA:43,1
DA:44,1
DA:45,1
DA:46,1
DA:47,12
DA:48,12
DA:49,12
DA:50,12
DA:51,12
DA:52,12
DA:53,12
DA:54,12
DA:56,1
DA:57,12
DA:58,12
DA:59,63
DA:61,12
DA:63,1
DA:64,23
DA:66,1
DA:67,1
DA:68,1
DA:69,1
DA:70,1
DA:71,1
DA:72,1
DA:73,1
DA:74,1
DA:75,1
DA:76,1
DA:77,1
DA:78,1
DA:79,1
DA:80,1
DA:81,1
DA:82,1
DA:84,1
DA:85,1
DA:86,1
DA:87,1
DA:88,1
DA:89,1
DA:90,1
DA:91,1
DA:92,1
DA:93,1
DA:94,1
DA:95,1
DA:97,1
DA:98,1
DA:115,1
DA:116,1
DA:117,1
DA:118,1
DA:119,1
DA:120,1
DA:121,1
DA:122,1
DA:123,1
DA:124,1
DA:125,1
DA:126,1
DA:127,1
DA:128,1
DA:129,1
DA:130,1
DA:131,1
DA:132,1
DA:133,1
DA:134,1
DA:135,1
DA:136,1
DA:137,1
DA:138,1
DA:139,1
DA:140,1
DA:141,1
DA:142,1
DA:143,1
DA:144,1
DA:146,1
DA:147,1
DA:148,1
DA:149,1
DA:150,1
DA:151,1
DA:152,1
DA:153,1
DA:154,1
DA:155,1
DA:156,1
DA:157,1
DA:158,1
DA:159,1
DA:160,1
DA:161,1
DA:162,1
DA:163,1
DA:164,1
DA:165,1
DA:166,1
DA:167,1
DA:168,1
DA:169,1
DA:170,1
DA:171,1
DA:172,1
DA:173,1
DA:174,1
DA:175,1
DA:176,1
DA:177,1
DA:178,1
DA:179,1
DA:181,1
DA:182,1
DA:183,1
DA:184,1
DA:185,1
DA:186,1
DA:187,1
DA:188,1
DA:189,1
DA:191,1
DA:192,1
DA:193,1
DA:194,1
DA:195,1
DA:196,1
DA:197,1
DA:198,1
DA:199,1
DA:200,1
DA:202,1
DA:203,1
DA:206,1
DA:207,1
DA:208,1
DA:209,1
DA:210,1
DA:211,1
DA:212,1
DA:213,1
DA:214,1
DA:215,1
DA:216,1
DA:217,1
DA:219,1
DA:220,1
DA:221,1
DA:222,1
DA:223,1
DA:224,1
DA:225,1
DA:226,1
DA:227,1
DA:228,1
DA:229,1
DA:230,1
DA:231,1
DA:232,1
DA:233,1
DA:234,1
DA:235,1
DA:236,1
DA:237,1
DA:238,1
DA:239,1
DA:240,1
DA:241,1
DA:242,1
DA:243,1
DA:244,1
DA:245,1
DA:246,1
DA:247,1
DA:248,1
DA:250,1
DA:251,1
DA:254,1
DA:255,1
DA:256,1
DA:257,1
DA:258,1
DA:259,1
DA:260,1
DA:261,1
DA:262,1
DA:263,1
DA:264,1
DA:265,1
DA:266,1
DA:267,1
DA:268,1
DA:269,1
DA:270,1
DA:271,1
DA:272,1
DA:273,1
DA:274,1
DA:275,1
DA:276,1
DA:277,1
DA:278,1
DA:279,1
DA:280,1
DA:281,1
DA:285,1
DA:286,1
DA:287,1
DA:288,1
DA:289,1
DA:290,1
DA:291,1
DA:294,1
DA:295,1
DA:296,1
DA:297,1
DA:298,1
DA:299,1
DA:300,1
DA:301,1
DA:302,1
DA:303,1
DA:304,1
DA:307,1
DA:308,1
DA:309,1
DA:310,1
DA:311,1
DA:312,1
DA:313,1
DA:314,1
DA:315,1
DA:316,1
DA:317,1
DA:318,1
DA:319,1
LF:270
LH:268
BRDA:2,1,0,1
BRDA:2,1,1,1
BRDA:2,1,2,1
BRDA:3,2,0,1
BRDA:3,2,1,0
BRDA:3,2,2,0
BRDA:3,2,3,0
BRDA:5,3,0,0
BRDA:5,3,1,0
BRDA:9,4,0,0
BRDA:9,4,1,2
BRDA:20,5,0,12
BRDA:20,5,1,12
BRDA:20,5,2,12
BRDA:28,6,0,12
BRDA:28,6,1,0
BRF:16
BRH:9
end_of_record
TN:
SF:/usr/src/app/lib/SelectionManager.js
FN:2,(anonymous_1)
FN:4,(anonymous_2)
FN:5,(anonymous_3)
FN:6,(anonymous_4)
FN:8,__
FN:27,(anonymous_6)
FN:32,(anonymous_7)
FN:34,SelectionManager
FN:46,(anonymous_9)
FN:52,(anonymous_10)
FN:54,(anonymous_11)
FN:55,(anonymous_12)
FN:56,(anonymous_13)
FN:59,(anonymous_14)
FN:62,(anonymous_15)
FN:64,(anonymous_16)
FN:68,(anonymous_17)
FN:72,(anonymous_18)
FN:77,(anonymous_19)
FN:82,(anonymous_20)
FN:94,(anonymous_21)
FN:123,(anonymous_22)
FN:131,(anonymous_23)
FN:136,(anonymous_24)
FN:139,(anonymous_25)
FN:148,(anonymous_26)
FN:152,(anonymous_27)
FN:163,(anonymous_28)
FN:171,(anonymous_29)
FN:176,(anonymous_30)
FN:182,(anonymous_31)
FN:192,(anonymous_32)
FN:205,(anonymous_33)
FN:208,(anonymous_34)
FN:241,(anonymous_35)
FN:245,(anonymous_36)
FN:247,(anonymous_37)
FN:253,(anonymous_38)
FN:258,(anonymous_39)
FN:279,(anonymous_40)
FN:286,(anonymous_41)
FN:293,(anonymous_42)
FN:331,(anonymous_43)
FN:343,(anonymous_44)
FN:353,(anonymous_45)
FN:358,(anonymous_46)
FN:371,(anonymous_47)
FN:378,(anonymous_48)
FN:460,(anonymous_49)
FN:467,(anonymous_50)
FN:473,(anonymous_51)
FN:479,(anonymous_52)
FNF:52
FNH:18
FNDA:1,(anonymous_1)
FNDA:0,(anonymous_2)
FNDA:0,(anonymous_3)
FNDA:1,(anonymous_4)
FNDA:1,__
FNDA:1,(anonymous_6)
FNDA:1,(anonymous_7)
FNDA:12,SelectionManager
FNDA:262,(anonymous_9)
FNDA:12,(anonymous_10)
FNDA:0,(anonymous_11)
FNDA:0,(anonymous_12)
FNDA:0,(anonymous_13)
FNDA:12,(anonymous_14)
FNDA:0,(anonymous_15)
FNDA:0,(anonymous_16)
FNDA:0,(anonymous_17)
FNDA:0,(anonymous_18)
FNDA:0,(anonymous_19)
FNDA:5,(anonymous_20)
FNDA:86,(anonymous_21)
FNDA:90,(anonymous_22)
FNDA:0,(anonymous_23)
FNDA:0,(anonymous_24)
FNDA:0,(anonymous_25)
FNDA:0,(anonymous_26)
FNDA:0,(anonymous_27)
FNDA:0,(anonymous_28)
FNDA:1,(anonymous_29)
FNDA:0,(anonymous_30)
FNDA:0,(anonymous_31)
FNDA:0,(anonymous_32)
FNDA:0,(anonymous_33)
FNDA:0,(anonymous_34)
FNDA:0,(anonymous_35)
FNDA:0,(anonymous_36)
FNDA:0,(anonymous_37)
FNDA:0,(anonymous_38)
FNDA:0,(anonymous_39)
FNDA:0,(anonymous_40)
FNDA:0,(anonymous_41)
FNDA:0,(anonymous_42)
FNDA:0,(anonymous_43)
FNDA:0,(anonymous_44)
FNDA:0,(anonymous_45)
FNDA:84,(anonymous_46)
FNDA:0,(anonymous_47)
FNDA:84,(anonymous_48)
FNDA:84,(anonymous_49)
FNDA:0,(anonymous_50)
FNDA:252,(anonymous_51)
FNDA:1,(anonymous_52)
DA:2,1
DA:3,1
DA:4,0
DA:5,0
DA:6,1
DA:7,1
DA:8,1
DA:9,1
DA:12,1
DA:13,1
DA:14,1
DA:15,1
DA:16,1
DA:17,1
DA:18,1
DA:19,1
DA:20,1
DA:21,1
DA:22,1
DA:23,1
DA:24,1
DA:25,1
DA:26,1
DA:27,1
DA:28,1
DA:29,1
DA:30,1
DA:32,1
DA:33,1
DA:34,1
DA:35,12
DA:36,12
DA:37,12
DA:38,12
DA:39,12
DA:40,12
DA:41,12
DA:42,12
DA:43,12
DA:45,1
DA:47,262
DA:52,1
DA:53,12
DA:54,12
DA:55,12
DA:56,12
DA:57,12
DA:59,1
DA:60,12
DA:61,12
DA:62,12
DA:64,1
DA:65,0
DA:66,0
DA:68,1
DA:69,0
DA:71,1
DA:72,0
DA:76,1
DA:77,0
DA:81,1
DA:83,5
DA:84,5
DA:85,5
DA:86,0
DA:88,5
DA:93,1
DA:95,86
DA:96,86
DA:97,86
DA:98,0
DA:100,86
DA:101,86
DA:102,86
DA:103,86
DA:104,3
DA:105,3
DA:106,3
DA:107,0
DA:110,3
DA:113,86
DA:114,1
DA:115,1
DA:116,1
DA:117,0
DA:120,1
DA:123,86
DA:124,90
DA:126,86
DA:131,1
DA:132,0
DA:133,0
DA:134,0
DA:136,1
DA:137,0
DA:138,0
DA:139,0
DA:141,0
DA:142,0
DA:143,0
DA:144,0
DA:148,1
DA:149,0
DA:150,0
DA:152,1
DA:153,0
DA:154,0
DA:155,0
DA:156,0
DA:157,0
DA:159,0
DA:163,1
DA:164,0
DA:165,0
DA:166,0
DA:167,0
DA:168,0
DA:171,1
DA:172,1
DA:173,1
DA:174,1
DA:176,1
DA:177,0
DA:178,0
DA:179,0
DA:182,1
DA:183,0
DA:184,0
DA:185,0
DA:187,0
DA:188,0
DA:189,0
DA:190,0
DA:192,1
DA:193,0
DA:194,0
DA:195,0
DA:196,0
DA:198,0
DA:199,0
DA:201,0
DA:202,0
DA:203,0
DA:205,1
DA:206,0
DA:208,1
DA:209,0
DA:210,0
DA:211,0
DA:213,0
DA:214,0
DA:216,0
DA:217,0
DA:218,0
DA:220,0
DA:222,0
DA:223,0
DA:224,0
DA:225,0
DA:228,0
DA:229,0
DA:231,0
DA:232,0
DA:234,0
DA:235,0
DA:238,0
DA:239,0
DA:241,1
DA:242,0
DA:243,0
DA:244,0
DA:245,0
DA:247,1
DA:248,0
DA:249,0
DA:250,0
DA:251,0
DA:253,1
DA:254,0
DA:255,0
DA:258,1
DA:259,0
DA:260,0
DA:261,0
DA:262,0
DA:263,0
DA:264,0
DA:266,0
DA:267,0
DA:268,0
DA:269,0
DA:271,0
DA:272,0
DA:274,0
DA:275,0
DA:276,0
DA:279,1
DA:280,0
DA:281,0
DA:282,0
DA:283,0
DA:286,1
DA:287,0
DA:288,0
DA:289,0
DA:290,0
DA:293,1
DA:294,0
DA:295,0
DA:296,0
DA:297,0
DA:298,0
DA:299,0
DA:301,0
DA:302,0
DA:303,0
DA:306,0
DA:309,0
DA:310,0
DA:312,0
DA:313,0
DA:314,0
DA:316,0
DA:317,0
DA:319,0
DA:320,0
DA:321,0
DA:322,0
DA:325,0
DA:328,0
DA:331,1
DA:332,0
DA:333,0
DA:334,0
DA:335,0
DA:338,0
DA:340,0
DA:343,1
DA:344,0
DA:345,0
DA:346,0
DA:347,0
DA:349,0
DA:350,0
DA:353,1
DA:354,0
DA:355,0
DA:356,0
DA:358,1
DA:359,84
DA:360,84
DA:361,546
DA:362,546
DA:363,40
DA:365,506
DA:366,30
DA:369,84
DA:371,1
DA:372,0
DA:373,0
DA:374,0
DA:375,0
DA:376,0
DA:378,1
DA:379,84
DA:380,0
DA:382,84
DA:383,84
DA:384,0
DA:386,84
DA:387,84
DA:388,84
DA:389,84
DA:390,84
DA:391,84
DA:392,84
DA:393,84
DA:394,84
DA:395,18
DA:396,3
DA:398,18
DA:399,3
DA:403,66
DA:404,66
DA:405,66
DA:406,4
DA:407,4
DA:409,66
DA:410,4
DA:411,4
DA:413,66
DA:414,7
DA:415,7
DA:417,66
DA:418,71
DA:419,71
DA:420,6
DA:421,6
DA:423,65
DA:424,10
DA:425,10
DA:427,71
DA:428,71
DA:430,66
DA:431,71
DA:432,71
DA:433,6
DA:434,6
DA:436,65
DA:437,10
DA:438,10
DA:440,71
DA:441,71
DA:444,84
DA:445,84
DA:449,84
DA:455,84
DA:456,0
DA:458,84
DA:460,1
DA:461,84
DA:462,84
DA:463,84
DA:464,84
DA:467,1
DA:468,0
DA:469,0
DA:470,0
DA:473,1
DA:474,252
DA:475,6
DA:477,246
DA:479,1
DA:480,1
DA:481,1
DA:483,1
DA:485,1
LF:337
LH:180
BRDA:2,1,0,1
BRDA:2,1,1,1
BRDA:2,1,2,1
BRDA:3,2,0,1
BRDA:3,2,1,0
BRDA:3,2,2,0
BRDA:3,2,3,0
BRDA:5,3,0,0
BRDA:5,3,1,0
BRDA:9,4,0,0
BRDA:9,4,1,1
BRDA:31,5,0,1
BRDA:31,5,1,1
BRDA:35,6,0,12
BRDA:35,6,1,12
BRDA:85,7,0,0
BRDA:85,7,1,5
BRDA:85,8,0,5
BRDA:85,8,1,5
BRDA:88,9,0,5
BRDA:88,9,1,3
BRDA:97,10,0,0
BRDA:97,10,1,86
BRDA:97,11,0,86
BRDA:97,11,1,86
BRDA:100,12,0,85
BRDA:100,12,1,1
BRDA:106,13,0,0
BRDA:106,13,1,3
BRDA:113,14,0,1
BRDA:113,14,1,85
BRDA:116,15,0,0
BRDA:116,15,1,1
BRDA:125,16,0,0
BRDA:125,16,1,86
BRDA:138,17,0,0
BRDA:138,17,1,0
BRDA:141,18,0,0
BRDA:141,18,1,0
BRDA:141,19,0,0
BRDA:141,19,1,0
BRDA:143,20,0,0
BRDA:143,20,1,0
BRDA:156,21,0,0
BRDA:156,21,1,0
BRDA:156,22,0,0
BRDA:156,22,1,0
BRDA:159,23,0,0
BRDA:159,23,1,0
BRDA:159,23,2,0
BRDA:159,23,3,0
BRDA:159,23,4,0
BRDA:159,23,5,0
BRDA:159,23,6,0
BRDA:159,23,7,0
BRDA:159,23,8,0
BRDA:165,24,0,0
BRDA:165,24,1,0
BRDA:178,25,0,0
BRDA:178,25,1,0
BRDA:184,26,0,0
BRDA:184,26,1,0
BRDA:195,27,0,0
BRDA:195,27,1,0
BRDA:195,28,0,0
BRDA:195,28,1,0
BRDA:198,29,0,0
BRDA:198,29,1,0
BRDA:206,30,0,0
BRDA:206,30,1,0
BRDA:210,31,0,0
BRDA:210,31,1,0
BRDA:210,32,0,0
BRDA:210,32,1,0
BRDA:213,33,0,0
BRDA:213,33,1,0
BRDA:216,34,0,0
BRDA:216,34,1,0
BRDA:217,35,0,0
BRDA:217,35,1,0
BRDA:224,36,0,0
BRDA:224,36,1,0
BRDA:224,37,0,0
BRDA:224,37,1,0
BRDA:228,38,0,0
BRDA:228,38,1,0
BRDA:231,39,0,0
BRDA:231,39,1,0
BRDA:234,40,0,0
BRDA:234,40,1,0
BRDA:254,41,0,0
BRDA:254,41,1,0
BRDA:263,42,0,0
BRDA:263,42,1,0
BRDA:268,43,0,0
BRDA:268,43,1,0
BRDA:271,44,0,0
BRDA:271,44,1,0
BRDA:275,45,0,0
BRDA:275,45,1,0
BRDA:281,46,0,0
BRDA:281,46,1,0
BRDA:288,47,0,0
BRDA:288,47,1,0
BRDA:295,48,0,0
BRDA:295,48,1,0
BRDA:297,49,0,0
BRDA:297,49,1,0
BRDA:301,50,0,0
BRDA:301,50,1,0
BRDA:302,51,0,0
BRDA:302,51,1,0
BRDA:309,52,0,0
BRDA:309,52,1,0
BRDA:313,53,0,0
BRDA:313,53,1,0
BRDA:316,54,0,0
BRDA:316,54,1,0
BRDA:319,55,0,0
BRDA:319,55,1,0
BRDA:321,56,0,0
BRDA:321,56,1,0
BRDA:321,57,0,0
BRDA:321,57,1,0
BRDA:325,58,0,0
BRDA:325,58,1,0
BRDA:325,59,0,0
BRDA:325,59,1,0
BRDA:325,59,2,0
BRDA:332,60,0,0
BRDA:332,60,1,0
BRDA:334,61,0,0
BRDA:334,61,1,0
BRDA:346,62,0,0
BRDA:346,62,1,0
BRDA:346,63,0,0
BRDA:346,63,1,0
BRDA:349,64,0,0
BRDA:349,64,1,0
BRDA:362,65,0,40
BRDA:362,65,1,506
BRDA:365,66,0,30
BRDA:365,66,1,476
BRDA:365,67,0,506
BRDA:365,67,1,37
BRDA:379,68,0,0
BRDA:379,68,1,84
BRDA:383,69,0,0
BRDA:383,69,1,84
BRDA:394,70,0,18
BRDA:394,70,1,66
BRDA:395,71,0,21
BRDA:395,71,1,16
BRDA:398,72,0,21
BRDA:398,72,1,21
BRDA:405,73,0,4
BRDA:405,73,1,62
BRDA:409,74,0,4
BRDA:409,74,1,62
BRDA:413,75,0,7
BRDA:413,75,1,59
BRDA:417,76,0,137
BRDA:417,76,1,128
BRDA:417,76,2,128
BRDA:419,77,0,6
BRDA:419,77,1,65
BRDA:423,78,0,10
BRDA:423,78,1,55
BRDA:430,79,0,137
BRDA:430,79,1,137
BRDA:430,79,2,124
BRDA:432,80,0,6
BRDA:432,80,1,65
BRDA:436,81,0,10
BRDA:436,81,1,55
BRDA:455,82,0,0
BRDA:455,82,1,84
BRDA:455,83,0,84
BRDA:455,83,1,0
BRDA:462,84,0,84
BRDA:462,84,1,0
BRDA:469,85,0,0
BRDA:469,85,1,0
BRDA:470,86,0,0
BRDA:470,86,1,0
BRDA:474,87,0,6
BRDA:474,87,1,246
BRF:187
BRH:63
end_of_record
TN:
SF:/usr/src/app/lib/utils/MouseHelper.js
FN:3,(anonymous_1)
FN:4,MouseHelper
FN:7,(anonymous_3)
FN:27,(anonymous_4)
FN:41,(anonymous_5)
FNF:5
FNH:4
FNDA:1,(anonymous_1)
FNDA:4,MouseHelper
FNDA:7,(anonymous_3)
FNDA:8,(anonymous_4)
FNDA:0,(anonymous_5)
DA:2,1
DA:3,1
DA:4,1
DA:5,4
DA:7,1
DA:8,7
DA:9,1
DA:11,6
DA:12,6
DA:13,6
DA:14,6
DA:15,6
DA:16,6
DA:17,6
DA:19,6
DA:20,6
DA:21,6
DA:22,6
DA:23,6
DA:25,6
DA:27,1
DA:28,8
DA:29,1
DA:31,7
DA:32,7
DA:33,1
DA:35,6
DA:36,6
DA:37,6
DA:38,6
DA:39,6
DA:41,1
DA:42,0
DA:43,0
DA:44,0
DA:45,0
DA:46,0
DA:47,0
DA:49,1
DA:51,1
LF:40
LH:34
BRDA:8,1,0,1
BRDA:8,1,1,6
BRDA:20,2,0,12
BRDA:20,2,1,6
BRDA:28,3,0,1
BRDA:28,3,1,7
BRDA:28,4,0,8
BRDA:28,4,1,7
BRDA:32,5,0,1
BRDA:32,5,1,6
BRDA:35,6,0,0
BRDA:35,6,1,6
BRDA:37,7,0,0
BRDA:37,7,1,6
BRF:14
BRH:12
end_of_record
TN:
SF:/usr/src/app/lib/SelectionModel.js
FN:3,(anonymous_1)
FN:4,SelectionModel
FN:8,(anonymous_3)
FN:15,(anonymous_4)
FN:28,(anonymous_5)
FN:48,(anonymous_6)
FN:56,(anonymous_7)
FNF:7
FNH:7
FNDA:1,(anonymous_1)
FNDA:26,SelectionModel
FNDA:28,(anonymous_3)
FNDA:101,(anonymous_4)
FNDA:104,(anonymous_5)
FNDA:23,(anonymous_6)
FNDA:3,(anonymous_7)
DA:2,1
DA:3,1
DA:4,1
DA:5,26
DA:6,26
DA:8,1
DA:9,28
DA:10,28
DA:11,28
DA:12,28
DA:14,1
DA:16,101
DA:17,2
DA:19,99
DA:20,90
DA:22,9
DA:27,1
DA:29,104
DA:30,2
DA:32,102
DA:33,4
DA:35,98
DA:36,89
DA:38,9
DA:39,2
DA:40,2
DA:43,7
DA:48,1
DA:49,23
DA:50,23
DA:51,23
DA:52,0
DA:54,23
DA:56,1
DA:57,3
DA:58,3
DA:60,3
DA:61,3
DA:63,3
DA:64,1
DA:65,1
DA:67,2
DA:68,2
DA:70,2
DA:72,1
DA:74,1
LF:46
LH:45
BRDA:16,1,0,2
BRDA:16,1,1,99
BRDA:19,2,0,90
BRDA:19,2,1,9
BRDA:19,3,0,99
BRDA:19,3,1,9
BRDA:22,4,0,1
BRDA:22,4,1,8
BRDA:29,5,0,2
BRDA:29,5,1,102
BRDA:32,6,0,4
BRDA:32,6,1,98
BRDA:35,7,0,89
BRDA:35,7,1,9
BRDA:35,8,0,98
BRDA:35,8,1,10
BRDA:38,9,0,2
BRDA:38,9,1,7
BRDA:39,10,0,2
BRDA:39,10,1,0
BRDA:51,11,0,0
BRDA:51,11,1,23
BRDA:51,12,0,23
BRDA:51,12,1,23
BRDA:54,13,0,23
BRDA:54,13,1,21
BRDA:54,13,2,12
BRDA:57,14,0,3
BRDA:57,14,1,0
BRDA:60,15,0,3
BRDA:60,15,1,0
BRDA:63,16,0,1
BRDA:63,16,1,2
BRDA:63,17,0,3
BRDA:63,17,1,3
BRDA:67,18,0,2
BRDA:67,18,1,0
BRDA:67,19,0,2
BRDA:67,19,1,2
BRF:39
BRH:34
end_of_record
TN:
SF:/usr/src/app/lib/handlers/AltClickHandler.js
FN:5,(anonymous_1)
FN:11,(anonymous_2)
FN:12,AltClickHandler
FN:18,(anonymous_4)
FN:23,(anonymous_5)
FN:28,(anonymous_6)
FN:34,(anonymous_7)
FN:42,(anonymous_8)
FN:48,(anonymous_9)
FN:60,(anonymous_10)
FN:64,(anonymous_11)
FN:76,(anonymous_12)
FN:86,(anonymous_13)
FN:104,(anonymous_14)
FN:112,(anonymous_15)
FN:133,(anonymous_16)
FN:140,repeat
FNF:17
FNH:2
FNDA:1,(anonymous_1)
FNDA:1,(anonymous_2)
FNDA:0,AltClickHandler
FNDA:0,(anonymous_4)
FNDA:0,(anonymous_5)
FNDA:0,(anonymous_6)
FNDA:0,(anonymous_7)
FNDA:0,(anonymous_8)
FNDA:0,(anonymous_9)
FNDA:0,(anonymous_10)
FNDA:0,(anonymous_11)
FNDA:0,(anonymous_12)
FNDA:0,(anonymous_13)
FNDA:0,(anonymous_14)
FNDA:0,(anonymous_15)
FNDA:0,(anonymous_16)
FNDA:0,repeat
DA:2,1
DA:3,1
DA:4,1
DA:5,1
DA:6,1
DA:7,1
DA:8,1
DA:9,1
DA:11,1
DA:12,1
DA:13,0
DA:14,0
DA:15,0
DA:16,0
DA:17,0
DA:18,0
DA:19,0
DA:21,0
DA:23,1
DA:24,0
DA:25,0
DA:28,1
DA:29,0
DA:30,0
DA:32,0
DA:34,1
DA:35,0
DA:36,0
DA:39,0
DA:42,1
DA:43,0
DA:44,0
DA:45,0
DA:46,0
DA:48,1
DA:49,0
DA:50,0
DA:51,0
DA:54,0
DA:56,0
DA:57,0
DA:58,0
DA:60,1
DA:61,0
DA:62,0
DA:64,1
DA:65,0
DA:66,0
DA:67,0
DA:68,0
DA:69,0
DA:70,0
DA:71,0
DA:74,0
DA:76,1
DA:77,0
DA:78,0
DA:79,0
DA:80,0
DA:81,0
DA:82,0
DA:84,0
DA:86,1
DA:87,0
DA:88,0
DA:89,0
DA:92,0
DA:94,0
DA:98,0
DA:101,0
DA:104,1
DA:105,0
DA:106,0
DA:109,0
DA:112,1
DA:113,0
DA:114,0
DA:115,0
DA:116,0
DA:117,0
DA:118,0
DA:119,0
DA:120,0
DA:121,0
DA:122,0
DA:124,0
DA:125,0
DA:126,0
DA:127,0
DA:128,0
DA:131,0
DA:133,1
DA:134,0
DA:135,0
DA:137,1
DA:139,1
DA:140,1
DA:141,0
DA:142,0
DA:143,0
DA:144,0
DA:146,0
LF:102
LH:25
BRDA:10,1,0,1
BRDA:10,1,1,1
BRDA:24,2,0,0
BRDA:24,2,1,0
BRDA:29,3,0,0
BRDA:29,3,1,0
BRDA:35,4,0,0
BRDA:35,4,1,0
BRDA:50,5,0,0
BRDA:50,5,1,0
BRDA:69,6,0,0
BRDA:69,6,1,0
BRDA:70,7,0,0
BRDA:70,7,1,0
BRDA:79,8,0,0
BRDA:79,8,1,0
BRDA:79,8,2,0
BRDA:88,9,0,0
BRDA:88,9,1,0
BRDA:94,10,0,0
BRDA:94,10,1,0
BRDA:94,11,0,0
BRDA:94,11,1,0
BRDA:94,11,2,0
BRDA:94,11,3,0
BRDA:105,12,0,0
BRDA:105,12,1,0
BRDA:116,13,0,0
BRDA:116,13,1,0
BRDA:117,14,0,0
BRDA:117,14,1,0
BRDA:118,15,0,0
BRDA:118,15,1,0
BRDA:118,16,0,0
BRDA:118,16,1,0
BRDA:124,17,0,0
BRDA:124,17,1,0
BRDA:124,18,0,0
BRDA:124,18,1,0
BRDA:134,19,0,0
BRDA:134,19,1,0
BRF:41
BRH:2
end_of_record
TN:
SF:/usr/src/app/lib/SelectionModel.test.js
FN:2,(anonymous_1)
FN:4,(anonymous_2)
FN:5,(anonymous_3)
FN:6,(anonymous_4)
FN:8,__
FN:17,(anonymous_6)
FN:19,TestSelectionModel
FN:24,(anonymous_8)
FN:27,(anonymous_9)
FN:36,(anonymous_10)
FN:37,(anonymous_11)
FN:47,(anonymous_12)
FN:48,(anonymous_13)
FN:56,(anonymous_14)
FN:65,(anonymous_15)
FN:66,(anonymous_16)
FN:76,(anonymous_17)
FN:84,(anonymous_18)
FN:85,(anonymous_19)
FN:89,(anonymous_20)
FN:93,(anonymous_21)
FN:101,(anonymous_22)
FN:102,(anonymous_23)
FN:106,(anonymous_24)
FN:111,(anonymous_25)
FN:116,(anonymous_26)
FN:122,(anonymous_27)
FN:128,(anonymous_28)
FNF:28
FNH:26
FNDA:1,(anonymous_1)
FNDA:0,(anonymous_2)
FNDA:0,(anonymous_3)
FNDA:1,(anonymous_4)
FNDA:1,__
FNDA:1,(anonymous_6)
FNDA:14,TestSelectionModel
FNDA:1,(anonymous_8)
FNDA:14,(anonymous_9)
FNDA:1,(anonymous_10)
FNDA:1,(anonymous_11)
FNDA:1,(anonymous_12)
FNDA:1,(anonymous_13)
FNDA:1,(anonymous_14)
FNDA:1,(anonymous_15)
FNDA:1,(anonymous_16)
FNDA:1,(anonymous_17)
FNDA:1,(anonymous_18)
FNDA:1,(anonymous_19)
FNDA:1,(anonymous_20)
FNDA:1,(anonymous_21)
FNDA:1,(anonymous_22)
FNDA:1,(anonymous_23)
FNDA:1,(anonymous_24)
FNDA:1,(anonymous_25)
FNDA:1,(anonymous_26)
FNDA:1,(anonymous_27)
FNDA:1,(anonymous_28)
DA:2,1
DA:3,1
DA:4,0
DA:5,0
DA:6,1
DA:7,1
DA:8,1
DA:9,1
DA:12,1
DA:13,1
DA:14,1
DA:15,1
DA:16,1
DA:17,1
DA:18,1
DA:19,1
DA:20,14
DA:22,1
DA:24,1
DA:25,1
DA:26,1
DA:27,1
DA:28,14
DA:29,14
DA:30,14
DA:31,14
DA:32,14
DA:33,14
DA:34,14
DA:36,1
DA:37,1
DA:38,1
DA:39,1
DA:40,1
DA:41,1
DA:42,1
DA:43,1
DA:44,1
DA:47,1
DA:48,1
DA:49,1
DA:50,1
DA:51,1
DA:52,1
DA:53,1
DA:54,1
DA:56,1
DA:57,1
DA:58,1
DA:59,1
DA:60,1
DA:61,1
DA:62,1
DA:65,1
DA:66,1
DA:67,1
DA:68,1
DA:69,1
DA:70,1
DA:71,1
DA:72,1
DA:73,1
DA:74,1
DA:76,1
DA:77,1
DA:78,1
DA:79,1
DA:80,1
DA:81,1
DA:84,1
DA:85,1
DA:86,1
DA:87,1
DA:89,1
DA:90,1
DA:91,1
DA:93,1
DA:94,1
DA:95,1
DA:96,1
DA:97,1
DA:98,1
DA:101,1
DA:102,1
DA:103,1
DA:104,1
DA:106,1
DA:107,1
DA:108,1
DA:109,1
DA:111,1
DA:112,1
DA:113,1
DA:114,1
DA:116,1
DA:117,1
DA:118,1
DA:119,1
DA:120,1
DA:122,1
DA:123,1
DA:124,1
DA:125,1
DA:126,1
DA:128,1
DA:129,1
DA:130,1
DA:131,1
DA:132,1
LF:109
LH:107
BRDA:2,1,0,1
BRDA:2,1,1,1
BRDA:2,1,2,1
BRDA:3,2,0,1
BRDA:3,2,1,0
BRDA:3,2,2,0
BRDA:3,2,3,0
BRDA:5,3,0,0
BRDA:5,3,1,0
BRDA:9,4,0,0
BRDA:9,4,1,1
BRDA:20,5,0,14
BRDA:20,5,1,14
BRF:13
BRH:7
end_of_record
TN:
SF:/usr/src/app/lib/Terminal.test.js
FN:2,(anonymous_1)
FN:4,(anonymous_2)
FN:5,(anonymous_3)
FN:6,(anonymous_4)
FN:8,__
FN:20,(anonymous_6)
FN:22,TestTerminal
FN:25,(anonymous_8)
FN:26,(anonymous_9)
FN:27,(anonymous_10)
FN:30,(anonymous_11)
FN:32,(anonymous_12)
FN:37,(anonymous_13)
FN:41,(anonymous_14)
FN:47,(anonymous_15)
FN:48,(anonymous_16)
FN:52,(anonymous_17)
FN:56,(anonymous_18)
FN:57,(anonymous_19)
FN:64,(anonymous_20)
FN:68,(anonymous_21)
FN:70,(anonymous_22)
FN:71,(anonymous_23)
FN:76,(anonymous_24)
FN:77,(anonymous_25)
FN:81,(anonymous_26)
FN:82,(anonymous_27)
FN:83,(anonymous_28)
FN:84,(anonymous_29)
FN:86,(anonymous_30)
FN:89,(anonymous_31)
FN:92,(anonymous_32)
FN:96,(anonymous_33)
FN:97,(anonymous_34)
FN:105,(anonymous_35)
FN:106,(anonymous_36)
FN:112,(anonymous_37)
FN:116,(anonymous_38)
FN:117,(anonymous_39)
FN:129,(anonymous_40)
FN:144,(anonymous_41)
FN:158,(anonymous_42)
FN:159,(anonymous_43)
FN:161,(anonymous_44)
FN:167,(anonymous_45)
FN:174,(anonymous_46)
FN:181,(anonymous_47)
FN:193,(anonymous_48)
FN:195,(anonymous_49)
FN:201,(anonymous_50)
FN:208,(anonymous_51)
FN:216,(anonymous_52)
FN:217,(anonymous_53)
FN:222,(anonymous_54)
FN:228,(anonymous_55)
FN:230,(anonymous_56)
FN:236,(anonymous_57)
FN:248,(anonymous_58)
FN:249,(anonymous_59)
FN:250,(anonymous_60)
FN:256,(anonymous_61)
FN:257,(anonymous_62)
FN:264,(anonymous_63)
FN:269,(anonymous_64)
FN:279,(anonymous_65)
FN:280,(anonymous_66)
FN:281,(anonymous_67)
FN:291,(anonymous_68)
FN:302,(anonymous_69)
FN:319,(anonymous_70)
FN:337,(anonymous_71)
FN:338,(anonymous_72)
FN:342,(anonymous_73)
FN:355,(anonymous_74)
FN:366,(anonymous_75)
FN:382,(anonymous_76)
FN:402,(anonymous_77)
FN:403,(anonymous_78)
FN:431,(anonymous_79)
FN:434,(anonymous_80)
FN:437,(anonymous_81)
FN:440,(anonymous_82)
FN:443,(anonymous_83)
FN:446,(anonymous_84)
FN:449,(anonymous_85)
FN:452,(anonymous_86)
FN:453,(anonymous_87)
FN:456,(anonymous_88)
FN:459,(anonymous_89)
FN:462,(anonymous_90)
FN:466,(anonymous_91)
FN:467,(anonymous_92)
FN:470,(anonymous_93)
FN:473,(anonymous_94)
FN:476,(anonymous_95)
FN:480,(anonymous_96)
FN:481,(anonymous_97)
FN:485,(anonymous_98)
FN:489,(anonymous_99)
FN:492,(anonymous_100)
FN:495,(anonymous_101)
FN:533,(anonymous_102)
FN:536,(anonymous_103)
FN:540,(anonymous_104)
FN:544,(anonymous_105)
FN:548,(anonymous_106)
FN:552,(anonymous_107)
FN:556,(anonymous_108)
FN:560,(anonymous_109)
FN:564,(anonymous_110)
FN:568,(anonymous_111)
FN:572,(anonymous_112)
FN:576,(anonymous_113)
FN:580,(anonymous_114)
FN:584,(anonymous_115)
FN:588,(anonymous_116)
FN:592,(anonymous_117)
FN:596,(anonymous_118)
FN:600,(anonymous_119)
FN:604,(anonymous_120)
FN:608,(anonymous_121)
FN:612,(anonymous_122)
FN:616,(anonymous_123)
FN:621,(anonymous_124)
FN:624,(anonymous_125)
FN:625,(anonymous_126)
FN:626,(anonymous_127)
FN:627,(anonymous_128)
FN:629,(anonymous_129)
FN:630,(anonymous_130)
FN:636,(anonymous_131)
FN:637,(anonymous_132)
FN:644,(anonymous_133)
FN:645,(anonymous_134)
FN:649,(anonymous_135)
FN:658,(anonymous_136)
FN:659,(anonymous_137)
FN:662,(anonymous_138)
FN:670,(anonymous_139)
FN:678,(anonymous_140)
FN:680,(anonymous_141)
FN:710,(anonymous_142)
FN:711,(anonymous_143)
FN:714,(anonymous_144)
FN:724,(anonymous_145)
FN:732,(anonymous_146)
FN:734,(anonymous_147)
FN:766,(anonymous_148)
FN:767,(anonymous_149)
FN:780,(anonymous_150)
FN:791,(anonymous_151)
FN:804,(anonymous_152)
FN:816,(anonymous_153)
FN:830,(anonymous_154)
FN:831,(anonymous_155)
FN:837,(anonymous_156)
FN:847,(anonymous_157)
FN:861,(anonymous_158)
FN:876,(anonymous_159)
FN:877,(anonymous_160)
FN:882,(anonymous_161)
FN:888,(anonymous_162)
FN:909,(anonymous_163)
FN:935,(anonymous_164)
FN:961,(anonymous_165)
FN:982,(anonymous_166)
FN:1008,(anonymous_167)
FN:1030,(anonymous_168)
FN:1031,(anonymous_169)
FN:1043,(anonymous_170)
FN:1056,(anonymous_171)
FNF:171
FNH:159
FNDA:1,(anonymous_1)
FNDA:0,(anonymous_2)
FNDA:0,(anonymous_3)
FNDA:1,(anonymous_4)
FNDA:1,__
FNDA:1,(anonymous_6)
FNDA:94,TestTerminal
FNDA:121,(anonymous_8)
FNDA:17,(anonymous_9)
FNDA:17,(anonymous_10)
FNDA:1,(anonymous_11)
FNDA:94,(anonymous_12)
FNDA:3432,(anonymous_13)
FNDA:2107,(anonymous_14)
FNDA:0,(anonymous_15)
FNDA:0,(anonymous_16)
FNDA:1,(anonymous_17)
FNDA:1,(anonymous_18)
FNDA:1,(anonymous_19)
FNDA:1,(anonymous_20)
FNDA:1,(anonymous_21)
FNDA:0,(anonymous_22)
FNDA:0,(anonymous_23)
FNDA:0,(anonymous_24)
FNDA:0,(anonymous_25)
FNDA:2,(anonymous_26)
FNDA:2,(anonymous_27)
FNDA:2,(anonymous_28)
FNDA:0,(anonymous_29)
FNDA:1,(anonymous_30)
FNDA:2,(anonymous_31)
FNDA:2,(anonymous_32)
FNDA:1,(anonymous_33)
FNDA:4,(anonymous_34)
FNDA:1,(anonymous_35)
FNDA:1,(anonymous_36)
FNDA:1,(anonymous_37)
FNDA:1,(anonymous_38)
FNDA:1,(anonymous_39)
FNDA:1,(anonymous_40)
FNDA:1,(anonymous_41)
FNDA:1,(anonymous_42)
FNDA:1,(anonymous_43)
FNDA:3,(anonymous_44)
FNDA:1,(anonymous_45)
FNDA:1,(anonymous_46)
FNDA:1,(anonymous_47)
FNDA:1,(anonymous_48)
FNDA:2,(anonymous_49)
FNDA:1,(anonymous_50)
FNDA:1,(anonymous_51)
FNDA:1,(anonymous_52)
FNDA:1,(anonymous_53)
FNDA:1,(anonymous_54)
FNDA:1,(anonymous_55)
FNDA:1,(anonymous_56)
FNDA:1,(anonymous_57)
FNDA:1,(anonymous_58)
FNDA:1,(anonymous_59)
FNDA:1,(anonymous_60)
FNDA:1,(anonymous_61)
FNDA:1,(anonymous_62)
FNDA:1,(anonymous_63)
FNDA:1,(anonymous_64)
FNDA:1,(anonymous_65)
FNDA:1,(anonymous_66)
FNDA:1,(anonymous_67)
FNDA:1,(anonymous_68)
FNDA:1,(anonymous_69)
FNDA:1,(anonymous_70)
FNDA:1,(anonymous_71)
FNDA:4,(anonymous_72)
FNDA:1,(anonymous_73)
FNDA:1,(anonymous_74)
FNDA:1,(anonymous_75)
FNDA:1,(anonymous_76)
FNDA:1,(anonymous_77)
FNDA:1,(anonymous_78)
FNDA:1,(anonymous_79)
FNDA:1,(anonymous_80)
FNDA:1,(anonymous_81)
FNDA:1,(anonymous_82)
FNDA:1,(anonymous_83)
FNDA:1,(anonymous_84)
FNDA:1,(anonymous_85)
FNDA:1,(anonymous_86)
FNDA:3,(anonymous_87)
FNDA:1,(anonymous_88)
FNDA:1,(anonymous_89)
FNDA:1,(anonymous_90)
FNDA:1,(anonymous_91)
FNDA:3,(anonymous_92)
FNDA:1,(anonymous_93)
FNDA:1,(anonymous_94)
FNDA:1,(anonymous_95)
FNDA:1,(anonymous_96)
FNDA:1,(anonymous_97)
FNDA:1,(anonymous_98)
FNDA:1,(anonymous_99)
FNDA:1,(anonymous_100)
FNDA:1,(anonymous_101)
FNDA:1,(anonymous_102)
FNDA:1,(anonymous_103)
FNDA:1,(anonymous_104)
FNDA:1,(anonymous_105)
FNDA:1,(anonymous_106)
FNDA:1,(anonymous_107)
FNDA:1,(anonymous_108)
FNDA:1,(anonymous_109)
FNDA:1,(anonymous_110)
FNDA:1,(anonymous_111)
FNDA:1,(anonymous_112)
FNDA:1,(anonymous_113)
FNDA:1,(anonymous_114)
FNDA:1,(anonymous_115)
FNDA:1,(anonymous_116)
FNDA:1,(anonymous_117)
FNDA:1,(anonymous_118)
FNDA:1,(anonymous_119)
FNDA:1,(anonymous_120)
FNDA:1,(anonymous_121)
FNDA:1,(anonymous_122)
FNDA:1,(anonymous_123)
FNDA:1,(anonymous_124)
FNDA:7,(anonymous_125)
FNDA:18,(anonymous_126)
FNDA:18,(anonymous_127)
FNDA:0,(anonymous_128)
FNDA:6,(anonymous_129)
FNDA:6,(anonymous_130)
FNDA:0,(anonymous_131)
FNDA:0,(anonymous_132)
FNDA:1,(anonymous_133)
FNDA:1,(anonymous_134)
FNDA:1,(anonymous_135)
FNDA:1,(anonymous_136)
FNDA:3,(anonymous_137)
FNDA:1,(anonymous_138)
FNDA:1,(anonymous_139)
FNDA:1,(anonymous_140)
FNDA:6,(anonymous_141)
FNDA:1,(anonymous_142)
FNDA:3,(anonymous_143)
FNDA:1,(anonymous_144)
FNDA:1,(anonymous_145)
FNDA:1,(anonymous_146)
FNDA:6,(anonymous_147)
FNDA:1,(anonymous_148)
FNDA:1,(anonymous_149)
FNDA:1,(anonymous_150)
FNDA:1,(anonymous_151)
FNDA:1,(anonymous_152)
FNDA:1,(anonymous_153)
FNDA:1,(anonymous_154)
FNDA:1,(anonymous_155)
FNDA:1,(anonymous_156)
FNDA:1,(anonymous_157)
FNDA:1,(anonymous_158)
FNDA:1,(anonymous_159)
FNDA:1,(anonymous_160)
FNDA:1,(anonymous_161)
FNDA:1,(anonymous_162)
FNDA:1,(anonymous_163)
FNDA:1,(anonymous_164)
FNDA:1,(anonymous_165)
FNDA:1,(anonymous_166)
FNDA:1,(anonymous_167)
FNDA:1,(anonymous_168)
FNDA:1,(anonymous_169)
FNDA:1,(anonymous_170)
FNDA:1,(anonymous_171)
DA:2,1
DA:3,1
DA:4,0
DA:5,0
DA:6,1
DA:7,1
DA:8,1
DA:9,1
DA:12,1
DA:13,1
DA:14,1
DA:15,1
DA:16,1
DA:17,1
DA:18,1
DA:19,1
DA:20,1
DA:21,1
DA:22,1
DA:23,94
DA:25,121
DA:26,17
DA:27,17
DA:28,1
DA:30,1
DA:31,1
DA:32,1
DA:33,94
DA:37,94
DA:38,94
DA:39,94
DA:40,94
DA:41,94
DA:42,2107
DA:43,2107
DA:45,94
DA:52,1
DA:53,1
DA:54,1
DA:56,1
DA:57,1
DA:58,1
DA:59,1
DA:60,1
DA:61,1
DA:62,1
DA:64,1
DA:65,1
DA:68,1
DA:69,1
DA:75,1
DA:81,1
DA:82,2
DA:83,2
DA:84,2
DA:86,1
DA:87,1
DA:88,1
DA:89,2
DA:90,1
DA:91,1
DA:92,2
DA:93,1
DA:94,1
DA:96,1
DA:97,4
DA:98,1
DA:99,1
DA:100,1
DA:101,1
DA:102,1
DA:105,1
DA:106,1
DA:107,1
DA:108,1
DA:109,1
DA:110,1
DA:112,1
DA:113,1
DA:116,1
DA:117,1
DA:118,1
DA:119,1
DA:120,1
DA:121,1
DA:122,1
DA:123,1
DA:124,1
DA:125,1
DA:126,23
DA:129,1
DA:130,1
DA:131,48
DA:133,1
DA:134,1
DA:135,1
DA:136,1
DA:137,1
DA:138,1
DA:139,1
DA:140,1
DA:141,23
DA:144,1
DA:145,1
DA:146,1
DA:147,1
DA:148,1
DA:149,1
DA:150,1
DA:151,1
DA:152,1
DA:153,1
DA:154,23
DA:158,1
DA:159,1
DA:160,1
DA:161,1
DA:162,3
DA:163,144
DA:165,3
DA:167,1
DA:168,1
DA:169,1
DA:170,1
DA:171,1
DA:172,1
DA:174,1
DA:175,1
DA:176,1
DA:177,1
DA:178,1
DA:179,1
DA:181,1
DA:182,1
DA:183,1
DA:184,1
DA:185,1
DA:186,25
DA:188,1
DA:189,1
DA:190,1
DA:193,1
DA:194,1
DA:195,1
DA:196,2
DA:197,144
DA:199,2
DA:201,1
DA:202,1
DA:203,1
DA:204,1
DA:205,1
DA:206,1
DA:208,1
DA:209,1
DA:210,1
DA:211,1
DA:212,1
DA:213,1
DA:216,1
DA:217,1
DA:218,1
DA:219,72
DA:222,1
DA:223,1
DA:224,1
DA:225,1
DA:228,1
DA:229,1
DA:230,1
DA:231,1
DA:232,72
DA:234,1
DA:236,1
DA:237,1
DA:238,1
DA:239,1
DA:240,1
DA:241,1
DA:242,1
DA:243,1
DA:244,1
DA:245,1
DA:248,1
DA:249,1
DA:250,1
DA:251,1
DA:253,1
DA:259,1
DA:260,1
DA:261,1
DA:262,1
DA:264,1
DA:265,1
DA:266,72
DA:268,1
DA:269,1
DA:270,1
DA:272,1
DA:273,1
DA:274,1
DA:275,1
DA:276,1
DA:279,1
DA:280,1
DA:281,1
DA:282,1
DA:283,1
DA:284,1
DA:285,1
DA:286,1
DA:287,1
DA:288,1
DA:289,1
DA:291,1
DA:292,1
DA:293,1
DA:294,1
DA:295,1
DA:296,1
[...]
DA:119,0
DA:120,0
DA:122,1
DA:123,0
DA:124,0
DA:127,1
DA:128,0
DA:129,0
DA:130,0
DA:131,0
DA:132,0
DA:133,0
DA:137,0
DA:139,0
DA:140,0
DA:141,0
DA:142,0
DA:145,0
DA:146,0
DA:147,0
DA:148,0
DA:154,1
DA:155,0
DA:156,0
DA:157,0
DA:158,0
DA:159,0
DA:163,1
DA:164,0
DA:165,0
DA:167,1
DA:168,0
DA:170,1
DA:171,0
DA:172,0
DA:173,0
DA:174,0
DA:175,0
DA:176,0
DA:177,0
DA:178,0
DA:179,0
DA:182,1
DA:183,0
DA:184,0
DA:186,0
DA:187,0
DA:190,1
DA:191,0
DA:193,1
DA:194,0
DA:195,0
DA:198,0
DA:201,1
DA:203,1
LF:156
LH:27
BRDA:12,1,0,1
BRDA:12,1,1,1
BRDA:63,2,0,0
BRDA:63,2,1,0
BRDA:65,3,0,0
BRDA:65,3,1,0
BRDA:66,4,0,0
BRDA:66,4,1,0
BRDA:69,5,0,0
BRDA:69,5,1,0
BRDA:74,6,0,0
BRDA:74,6,1,0
BRDA:86,7,0,0
BRDA:86,7,1,0
BRDA:98,8,0,0
BRDA:98,8,1,0
BRDA:99,9,0,0
BRDA:99,9,1,0
BRDA:129,10,0,0
BRDA:129,10,1,0
BRDA:130,11,0,0
BRDA:130,11,1,0
BRDA:132,12,0,0
BRDA:132,12,1,0
BRDA:139,13,0,0
BRDA:139,13,1,0
BRDA:141,14,0,0
BRDA:141,14,1,0
BRDA:145,15,0,0
BRDA:145,15,1,0
BRDA:146,16,0,0
BRDA:146,16,1,0
BRDA:146,17,0,0
BRDA:146,17,1,0
BRDA:146,17,2,0
BRDA:157,18,0,0
BRDA:157,18,1,0
BRDA:158,19,0,0
BRDA:158,19,1,0
BRDA:177,20,0,0
BRDA:177,20,1,0
BRDA:183,21,0,0
BRDA:183,21,1,0
BRDA:194,22,0,0
BRDA:194,22,1,0
BRF:45
BRH:2
end_of_record
TN:
SF:/usr/src/app/lib/utils/Dom.js
FN:3,addDisposableListener
FN:6,(anonymous_2)
FNF:2
FNH:0
FNDA:0,addDisposableListener
FNDA:0,(anonymous_2)
DA:2,1
DA:3,1
DA:4,0
DA:5,0
DA:7,0
DA:8,0
DA:10,0
DA:11,0
DA:12,0
DA:16,1
LF:10
LH:3
BRDA:7,1,0,0
BRDA:7,1,1,0
BRF:2
BRH:0
end_of_record
TN:
SF:/usr/src/app/lib/addons/attach/attach.js
FN:3,attach
FN:7,(anonymous_2)
FN:11,(anonymous_3)
FN:21,(anonymous_4)
FN:41,(anonymous_5)
FN:51,(anonymous_6)
FN:52,(anonymous_7)
FN:55,detach
FN:65,apply
FN:66,(anonymous_10)
FN:69,(anonymous_11)
FNF:11
FNH:1
FNDA:0,attach
FNDA:0,(anonymous_2)
FNDA:0,(anonymous_3)
FNDA:0,(anonymous_4)
FNDA:0,(anonymous_5)
FNDA:0,(anonymous_6)
FNDA:0,(anonymous_7)
FNDA:0,detach
FNDA:2,apply
FNDA:0,(anonymous_10)
FNDA:0,(anonymous_11)
DA:2,1
DA:3,1
DA:4,0
DA:5,0
DA:6,0
DA:7,0
DA:8,0
DA:9,0
DA:11,0
DA:12,0
DA:13,0
DA:16,0
DA:17,0
DA:20,0
DA:21,0
DA:22,0
DA:23,0
DA:24,0
DA:25,0
DA:26,0
DA:28,0
DA:31,0
DA:34,0
DA:35,0
DA:38,0
DA:41,0
DA:42,0
DA:43,0
DA:45,0
DA:47,0
DA:48,0
DA:49,0
DA:51,0
DA:52,0
DA:54,1
DA:55,1
DA:56,0
DA:57,0
DA:58,0
DA:59,0
DA:60,0
DA:62,0
DA:64,1
DA:65,1
DA:66,2
DA:67,0
DA:69,2
DA:70,0
DA:73,1
LF:49
LH:9
BRDA:5,1,0,0
BRDA:5,1,1,0
BRDA:12,2,0,0
BRDA:12,2,1,0
BRDA:23,3,0,0
BRDA:23,3,1,0
BRDA:24,4,0,0
BRDA:24,4,1,0
BRDA:25,5,0,0
BRDA:25,5,1,0
BRDA:34,6,0,0
BRDA:34,6,1,0
BRDA:35,7,0,0
BRDA:35,7,1,0
BRDA:38,8,0,0
BRDA:38,8,1,0
BRDA:42,9,0,0
BRDA:42,9,1,0
BRDA:48,10,0,0
BRDA:48,10,1,0
BRDA:58,11,0,0
BRDA:58,11,1,0
BRDA:59,12,0,0
BRDA:59,12,1,0
BRF:24
BRH:0
end_of_record
TN:
SF:/usr/src/app/lib/handlers/Clipboard.test.js
FN:5,(anonymous_1)
FN:6,(anonymous_2)
FN:18,(anonymous_3)
FNF:3
FNH:3
FNDA:1,(anonymous_1)
FNDA:1,(anonymous_2)
FNDA:1,(anonymous_3)
DA:2,1
DA:3,1
DA:4,1
DA:5,1
DA:6,1
DA:7,1
DA:11,1
DA:15,1
DA:16,1
DA:18,1
DA:19,1
DA:20,1
DA:21,1
DA:22,1
DA:23,1
LF:15
LH:15
BRF:0
BRH:0
end_of_record
TN:
SF:/usr/src/app/lib/renderer/ColorManager.test.js
FN:6,(anonymous_1)
FN:11,(anonymous_2)
FN:17,(anonymous_3)
FN:18,(anonymous_4)
FN:26,(anonymous_5)
FN:269,(anonymous_6)
FN:270,(anonymous_7)
FN:271,(anonymous_8)
FN:275,(anonymous_9)
FNF:9
FNH:9
FNDA:1,(anonymous_1)
FNDA:4,(anonymous_2)
FNDA:1,(anonymous_3)
FNDA:1,(anonymous_4)
FNDA:1,(anonymous_5)
FNDA:1,(anonymous_6)
FNDA:1,(anonymous_7)
FNDA:1,(anonymous_8)
FNDA:1,(anonymous_9)
DA:2,1
DA:3,1
DA:4,1
DA:5,1
DA:6,1
DA:7,1
DA:8,1
DA:9,1
DA:10,1
DA:11,1
DA:12,4
DA:13,4
DA:14,4
DA:15,4
DA:17,1
DA:18,1
DA:19,1
DA:20,6
DA:21,6
DA:24,1
DA:26,1
DA:27,1
DA:28,1
DA:29,1
DA:30,1
DA:31,1
DA:32,1
DA:33,1
DA:34,1
DA:35,1
DA:36,1
DA:37,1
DA:38,1
DA:39,1
DA:40,1
DA:41,1
DA:42,1
DA:43,1
DA:44,1
DA:45,1
DA:46,1
DA:47,1
DA:48,1
DA:49,1
DA:50,1
DA:51,1
DA:52,1
DA:53,1
DA:54,1
DA:55,1
DA:56,1
DA:57,1
DA:58,1
DA:59,1
DA:60,1
DA:61,1
DA:62,1
DA:63,1
DA:64,1
DA:65,1
DA:66,1
DA:67,1
DA:68,1
DA:69,1
DA:70,1
DA:71,1
DA:72,1
DA:73,1
DA:74,1
DA:75,1
DA:76,1
DA:77,1
DA:78,1
DA:79,1
DA:80,1
DA:81,1
DA:82,1
DA:83,1
DA:84,1
DA:85,1
DA:86,1
DA:87,1
DA:88,1
DA:89,1
DA:90,1
DA:91,1
DA:92,1
DA:93,1
DA:94,1
DA:95,1
DA:96,1
DA:97,1
DA:98,1
DA:99,1
DA:100,1
DA:101,1
DA:102,1
DA:103,1
DA:104,1
DA:105,1
DA:106,1
DA:107,1
DA:108,1
DA:109,1
DA:110,1
DA:111,1
DA:112,1
DA:113,1
DA:114,1
DA:115,1
DA:116,1
DA:117,1
DA:118,1
DA:119,1
DA:120,1
DA:121,1
DA:122,1
DA:123,1
DA:124,1
DA:125,1
DA:126,1
DA:127,1
DA:128,1
DA:129,1
DA:130,1
DA:131,1
DA:132,1
DA:133,1
DA:134,1
DA:135,1
DA:136,1
DA:137,1
DA:138,1
DA:139,1
DA:140,1
DA:141,1
DA:142,1
DA:143,1
DA:144,1
DA:145,1
DA:146,1
DA:147,1
DA:148,1
DA:149,1
DA:150,1
DA:151,1
DA:152,1
DA:153,1
DA:154,1
DA:155,1
DA:156,1
DA:157,1
DA:158,1
DA:159,1
DA:160,1
DA:161,1
DA:162,1
DA:163,1
DA:164,1
DA:165,1
DA:166,1
DA:167,1
DA:168,1
DA:169,1
DA:170,1
DA:171,1
DA:172,1
DA:173,1
DA:174,1
DA:175,1
DA:176,1
DA:177,1
DA:178,1
DA:179,1
DA:180,1
DA:181,1
DA:182,1
DA:183,1
DA:184,1
DA:185,1
DA:186,1
DA:187,1
DA:188,1
DA:189,1
DA:190,1
DA:191,1
DA:192,1
DA:193,1
DA:194,1
DA:195,1
DA:196,1
DA:197,1
DA:198,1
DA:199,1
DA:200,1
DA:201,1
DA:202,1
DA:203,1
DA:204,1
DA:205,1
DA:206,1
DA:207,1
DA:208,1
DA:209,1
DA:210,1
DA:211,1
DA:212,1
DA:213,1
DA:214,1
DA:215,1
DA:216,1
DA:217,1
DA:218,1
DA:219,1
DA:220,1
DA:221,1
DA:222,1
DA:223,1
DA:224,1
DA:225,1
DA:226,1
DA:227,1
DA:228,1
DA:229,1
DA:230,1
DA:231,1
DA:232,1
DA:233,1
DA:234,1
DA:235,1
DA:236,1
DA:237,1
DA:238,1
DA:239,1
DA:240,1
DA:241,1
DA:242,1
DA:243,1
DA:244,1
DA:245,1
DA:246,1
DA:247,1
DA:248,1
DA:249,1
DA:250,1
DA:251,1
DA:252,1
DA:253,1
DA:254,1
DA:255,1
DA:256,1
DA:257,1
DA:258,1
DA:259,1
DA:260,1
DA:261,1
DA:262,1
DA:263,1
DA:264,1
DA:265,1
DA:266,1
DA:269,1
DA:270,1
DA:271,1
DA:272,1
DA:275,1
DA:276,1
DA:277,1
DA:278,1
DA:282,1
DA:283,1
DA:284,1
DA:287,1
DA:288,1
LF:274
LH:274
BRDA:20,1,0,6
BRDA:20,1,1,0
BRF:2
BRH:1
end_of_record
TN:
SF:/usr/src/app/lib/renderer/GridCache.test.js
FN:5,(anonymous_1)
FN:7,(anonymous_2)
FN:10,(anonymous_3)
FN:11,(anonymous_4)
FN:15,(anonymous_5)
FN:16,(anonymous_6)
FN:30,(anonymous_7)
FN:36,(anonymous_8)
FN:44,(anonymous_9)
FN:45,(anonymous_10)
FNF:10
FNH:10
FNDA:1,(anonymous_1)
FNDA:5,(anonymous_2)
FNDA:1,(anonymous_3)
FNDA:1,(anonymous_4)
FNDA:1,(anonymous_5)
FNDA:1,(anonymous_6)
FNDA:1,(anonymous_7)
FNDA:1,(anonymous_8)
FNDA:1,(anonymous_9)
FNDA:1,(anonymous_10)
DA:2,1
DA:3,1
DA:4,1
DA:5,1
DA:6,1
DA:7,1
DA:8,5
DA:10,1
DA:11,1
DA:12,1
DA:15,1
DA:16,1
DA:17,1
DA:18,1
DA:19,1
DA:20,1
DA:21,1
DA:22,1
DA:23,1
DA:24,1
DA:25,1
DA:26,1
DA:27,1
DA:28,1
DA:30,1
DA:31,1
DA:32,1
DA:33,1
DA:34,1
DA:36,1
DA:37,1
DA:38,1
DA:39,1
DA:40,1
DA:41,1
DA:44,1
DA:45,1
DA:46,1
DA:47,1
DA:48,1
DA:49,1
LF:41
LH:41
BRF:0
BRH:0
end_of_record
TN:
SF:/usr/src/app/lib/utils/CharMeasure.test.js
FN:6,(anonymous_1)
FN:12,(anonymous_2)
FN:20,(anonymous_3)
FN:21,(anonymous_4)
FN:24,(anonymous_5)
FN:25,(anonymous_6)
FN:32,(anonymous_7)
FN:34,(anonymous_8)
FNF:8
FNH:8
FNDA:1,(anonymous_1)
FNDA:3,(anonymous_2)
FNDA:1,(anonymous_3)
FNDA:1,(anonymous_4)
FNDA:1,(anonymous_5)
FNDA:1,(anonymous_6)
FNDA:1,(anonymous_7)
FNDA:1,(anonymous_8)
DA:2,1
DA:3,1
DA:4,1
DA:5,1
DA:6,1
DA:7,1
DA:8,1
DA:9,1
DA:10,1
DA:11,1
DA:12,1
DA:13,3
DA:14,3
DA:15,3
DA:16,3
DA:17,3
DA:18,3
DA:20,1
DA:21,1
DA:22,1
DA:24,1
DA:25,1
DA:26,1
DA:28,1
DA:29,1
DA:30,1
DA:32,1
DA:33,1
DA:34,1
DA:35,1
DA:36,1
DA:37,1
DA:38,1
DA:39,1
DA:40,1
LF:35
LH:35
BRF:0
BRH:0
end_of_record
TN:
SF:/usr/src/app/lib/utils/CircularList.test.js
FN:5,(anonymous_1)
FN:6,(anonymous_2)
FN:7,(anonymous_3)
FN:20,(anonymous_4)
FN:34,(anonymous_5)
FN:35,(anonymous_6)
FN:54,(anonymous_7)
FN:66,(anonymous_8)
FN:67,(anonymous_9)
FN:78,(anonymous_10)
FN:79,(anonymous_11)
FN:91,(anonymous_12)
FN:103,(anonymous_13)
FN:113,(anonymous_14)
FN:124,(anonymous_15)
FN:125,(anonymous_16)
FN:143,(anonymous_17)
FN:150,(anonymous_18)
FN:151,(anonymous_19)
FN:160,(anonymous_20)
FN:163,(anonymous_21)
FN:164,(anonymous_22)
FN:165,(anonymous_23)
FN:167,(anonymous_24)
FN:176,(anonymous_25)
FN:189,(anonymous_26)
FN:200,(anonymous_27)
FN:215,(anonymous_28)
FN:224,(anonymous_29)
FNF:29
FNH:29
FNDA:1,(anonymous_1)
FNDA:1,(anonymous_2)
FNDA:1,(anonymous_3)
FNDA:1,(anonymous_4)
FNDA:1,(anonymous_5)
FNDA:1,(anonymous_6)
FNDA:1,(anonymous_7)
FNDA:1,(anonymous_8)
FNDA:1,(anonymous_9)
FNDA:1,(anonymous_10)
FNDA:1,(anonymous_11)
FNDA:1,(anonymous_12)
FNDA:1,(anonymous_13)
FNDA:1,(anonymous_14)
FNDA:1,(anonymous_15)
FNDA:1,(anonymous_16)
FNDA:1,(anonymous_17)
FNDA:1,(anonymous_18)
FNDA:1,(anonymous_19)
FNDA:1,(anonymous_20)
FNDA:1,(anonymous_21)
FNDA:1,(anonymous_22)
FNDA:1,(anonymous_23)
FNDA:1,(anonymous_24)
FNDA:1,(anonymous_25)
FNDA:1,(anonymous_26)
FNDA:1,(anonymous_27)
FNDA:1,(anonymous_28)
FNDA:1,(anonymous_29)
DA:2,1
DA:3,1
DA:4,1
DA:5,1
DA:6,1
DA:7,1
DA:8,1
DA:9,1
DA:10,1
DA:11,1
DA:12,1
DA:13,1
DA:14,1
DA:15,1
DA:16,1
DA:17,1
DA:18,1
DA:20,1
DA:21,1
DA:22,1
DA:23,1
DA:24,1
DA:25,1
DA:26,1
DA:27,1
DA:28,1
DA:29,1
DA:30,1
DA:31,1
DA:34,1
DA:35,1
DA:36,1
DA:37,1
DA:38,1
DA:39,1
DA:40,1
DA:41,1
DA:42,1
DA:43,1
DA:44,1
DA:45,1
DA:46,1
DA:47,1
DA:48,1
DA:49,1
DA:50,1
DA:51,1
DA:52,1
DA:54,1
DA:55,1
DA:56,1
DA:57,1
DA:58,1
DA:59,1
DA:60,1
DA:61,1
DA:62,1
DA:63,1
DA:66,1
DA:67,1
DA:68,1
DA:69,1
DA:70,1
DA:71,1
DA:72,1
DA:73,1
DA:74,1
DA:75,1
DA:78,1
DA:79,1
DA:80,1
DA:81,1
DA:82,1
DA:83,1
DA:84,1
DA:85,1
DA:86,1
DA:87,1
DA:88,1
DA:89,1
DA:91,1
DA:92,1
DA:93,1
DA:94,1
DA:95,1
DA:96,1
DA:97,1
DA:98,1
DA:99,1
DA:100,1
DA:101,1
DA:103,1
DA:104,1
DA:105,1
DA:106,1
DA:107,1
DA:108,1
DA:109,1
DA:110,1
DA:111,1
DA:113,1
DA:114,1
DA:115,1
DA:116,1
DA:117,1
DA:118,1
DA:119,1
DA:120,1
DA:121,1
DA:124,1
DA:125,1
DA:126,1
DA:127,1
DA:128,1
DA:129,1
DA:130,1
DA:131,1
DA:132,1
DA:133,1
DA:134,1
DA:135,1
DA:136,1
DA:137,1
DA:138,1
DA:139,1
DA:140,1
DA:141,1
DA:143,1
DA:144,1
DA:145,1
DA:146,1
DA:147,1
DA:150,1
DA:151,1
DA:152,1
DA:153,1
DA:154,1
DA:155,1
DA:156,1
DA:157,1
DA:158,1
DA:160,1
DA:161,1
DA:162,1
DA:163,1
DA:164,1
DA:165,1
DA:167,1
DA:168,1
DA:169,1
DA:170,1
DA:171,1
DA:172,1
DA:173,1
DA:174,1
DA:176,1
DA:177,1
DA:178,1
DA:179,1
DA:180,1
DA:181,1
DA:182,1
DA:183,1
DA:184,1
DA:185,1
DA:186,1
DA:187,1
DA:189,1
DA:190,1
DA:191,1
DA:192,1
DA:193,1
DA:194,1
DA:195,1
DA:196,1
DA:197,1
DA:198,1
DA:200,1
DA:201,1
DA:202,1
DA:203,1
DA:204,1
DA:205,1
DA:206,1
DA:207,1
DA:208,1
DA:209,1
DA:210,1
DA:211,1
DA:212,1
DA:213,1
DA:215,1
DA:216,1
DA:217,1
DA:218,1
DA:219,1
DA:220,1
DA:221,1
DA:222,1
DA:224,1
DA:225,1
DA:226,1
DA:227,1
DA:228,1
DA:229,1
DA:230,1
DA:231,1
DA:232,1
DA:233,1
DA:234,1
DA:235,1
LF:211
LH:211
BRF:0
BRH:0
end_of_record
TN:
SF:/usr/src/app/lib/utils/MouseHelper.test.js
FN:9,(anonymous_1)
FN:15,(anonymous_2)
FN:29,(anonymous_3)
FN:30,(anonymous_4)
FN:35,(anonymous_5)
FN:36,(anonymous_6)
FN:40,(anonymous_7)
FN:51,(anonymous_8)
FNF:8
FNH:8
FNDA:1,(anonymous_1)
FNDA:4,(anonymous_2)
FNDA:1,(anonymous_3)
FNDA:1,(anonymous_4)
FNDA:1,(anonymous_5)
FNDA:1,(anonymous_6)
FNDA:1,(anonymous_7)
FNDA:1,(anonymous_8)
DA:2,1
DA:3,1
DA:4,1
DA:5,1
DA:6,1
DA:7,1
DA:8,1
DA:9,1
DA:10,1
DA:11,1
DA:12,1
DA:13,1
DA:14,1
DA:15,1
DA:16,4
DA:17,4
DA:18,4
DA:19,4
DA:20,4
DA:21,4
DA:22,4
DA:23,4
DA:27,4
DA:29,1
DA:30,1
DA:31,1
DA:32,1
DA:35,1
DA:36,1
DA:37,1
DA:40,1
DA:41,1
DA:42,1
DA:43,1
DA:44,1
DA:45,1
DA:46,1
DA:47,1
DA:48,1
DA:49,1
DA:51,1
DA:52,1
DA:53,1
DA:54,1
DA:55,1
DA:56,1
LF:46
LH:46
BRF:0
BRH:0
end_of_record
TN:
SF:/usr/src/app/lib/addons/attach/attach.test.js
FN:5,(anonymous_1)
FN:6,MockTerminal
FN:10,(anonymous_3)
FN:11,(anonymous_4)
FN:12,(anonymous_5)
FNF:5
FNH:4
FNDA:1,(anonymous_1)
FNDA:0,MockTerminal
FNDA:1,(anonymous_3)
FNDA:1,(anonymous_4)
FNDA:1,(anonymous_5)
DA:2,1
DA:3,1
DA:4,1
DA:5,1
DA:6,1
DA:8,1
DA:10,1
DA:11,1
DA:12,1
DA:13,1
DA:14,1
DA:15,1
LF:12
LH:12
BRF:0
BRH:0
end_of_record
TN:
SF:/usr/src/app/lib/addons/fit/fit.test.js
FN:5,(anonymous_1)
FN:6,MockTerminal
FN:10,(anonymous_3)
FN:11,(anonymous_4)
FN:12,(anonymous_5)
FNF:5
FNH:4
FNDA:1,(anonymous_1)
FNDA:0,MockTerminal
FNDA:1,(anonymous_3)
FNDA:1,(anonymous_4)
FNDA:1,(anonymous_5)
DA:2,1
DA:3,1
DA:4,1
DA:5,1
DA:6,1
DA:8,1
DA:10,1
DA:11,1
DA:12,1
DA:13,1
DA:14,1
DA:15,1
LF:12
LH:12
BRF:0
BRH:0
end_of_record
TN:
SF:/usr/src/app/lib/addons/fit/fit.js
FN:3,proposeGeometry
FN:28,fit
FN:38,apply
FN:39,(anonymous_4)
FN:42,(anonymous_5)
FNF:5
FNH:1
FNDA:0,proposeGeometry
FNDA:0,fit
FNDA:1,apply
FNDA:0,(anonymous_4)
FNDA:0,(anonymous_5)
DA:2,1
DA:3,1
DA:4,0
DA:5,0
DA:7,0
DA:8,0
DA:9,0
DA:10,0
DA:11,0
DA:17,0
DA:18,0
DA:19,0
DA:20,0
DA:21,0
DA:25,0
DA:27,1
DA:28,1
DA:29,0
DA:30,0
DA:31,0
DA:32,0
DA:33,0
DA:37,1
DA:38,1
DA:39,1
DA:40,0
DA:42,1
DA:43,0
DA:46,1
LF:29
LH:9
BRDA:4,1,0,0
BRDA:4,1,1,0
BRDA:30,2,0,0
BRDA:30,2,1,0
BRDA:31,3,0,0
BRDA:31,3,1,0
BRDA:31,4,0,0
BRDA:31,4,1,0
BRF:8
BRH:0
end_of_record
TN:
SF:/usr/src/app/lib/addons/fullscreen/fullscreen.test.js
FN:5,(anonymous_1)
FN:6,MockTerminal
FN:10,(anonymous_3)
FN:11,(anonymous_4)
FN:12,(anonymous_5)
FNF:5
FNH:4
FNDA:1,(anonymous_1)
FNDA:0,MockTerminal
FNDA:1,(anonymous_3)
FNDA:1,(anonymous_4)
FNDA:1,(anonymous_5)
DA:2,1
DA:3,1
DA:4,1
DA:5,1
DA:6,1
DA:8,1
DA:10,1
DA:11,1
DA:12,1
DA:13,1
DA:14,1
LF:11
LH:11
BRF:0
BRH:0
end_of_record
TN:
SF:/usr/src/app/lib/addons/fullscreen/fullscreen.js
FN:3,toggleFullScreen
FN:17,apply
FN:18,(anonymous_3)
FNF:3
FNH:1
FNDA:0,toggleFullScreen
FNDA:1,apply
FNDA:0,(anonymous_3)
DA:2,1
DA:3,1
DA:4,0
DA:5,0
DA:6,0
DA:8,0
DA:9,0
DA:12,0
DA:14,0
DA:16,1
DA:17,1
DA:18,1
DA:19,0
DA:22,1
LF:14
LH:6
BRDA:5,1,0,0
BRDA:5,1,1,0
BRDA:6,2,0,0
BRDA:6,2,1,0
BRDA:8,3,0,0
BRDA:8,3,1,0
BRF:6
BRH:0
end_of_record
TN:
SF:/usr/src/app/lib/addons/terminado/terminado.test.js
FN:5,(anonymous_1)
FN:6,MockTerminal
FN:10,(anonymous_3)
FN:11,(anonymous_4)
FN:12,(anonymous_5)
FNF:5
FNH:4
FNDA:1,(anonymous_1)
FNDA:0,MockTerminal
FNDA:1,(anonymous_3)
FNDA:1,(anonymous_4)
FNDA:1,(anonymous_5)
DA:2,1
DA:3,1
DA:4,1
DA:5,1
DA:6,1
DA:8,1
DA:10,1
DA:11,1
DA:12,1
DA:13,1
DA:14,1
DA:15,1
LF:12
LH:12
BRF:0
BRH:0
end_of_record
TN:
SF:/usr/src/app/lib/addons/terminado/terminado.js
FN:3,terminadoAttach
FN:7,(anonymous_2)
FN:11,(anonymous_3)
FN:20,(anonymous_4)
FN:31,(anonymous_5)
FN:34,(anonymous_6)
FN:42,(anonymous_7)
FN:43,(anonymous_8)
FN:46,terminadoDetach
FN:56,apply
FN:57,(anonymous_11)
FN:60,(anonymous_12)
FNF:12
FNH:1
FNDA:0,terminadoAttach
FNDA:0,(anonymous_2)
FNDA:0,(anonymous_3)
FNDA:0,(anonymous_4)
FNDA:0,(anonymous_5)
FNDA:0,(anonymous_6)
FNDA:0,(anonymous_7)
FNDA:0,(anonymous_8)
FNDA:0,terminadoDetach
FNDA:1,apply
FNDA:0,(anonymous_11)
FNDA:0,(anonymous_12)
DA:2,1
DA:3,1
DA:4,0
DA:5,0
DA:6,0
DA:7,0
DA:8,0
DA:9,0
DA:11,0
DA:12,0
DA:13,0
DA:16,0
DA:17,0
DA:20,0
DA:21,0
DA:22,0
DA:23,0
DA:24,0
DA:27,0
DA:31,0
DA:32,0
DA:34,0
DA:35,0
DA:37,0
DA:38,0
DA:39,0
DA:41,0
DA:42,0
DA:43,0
DA:45,1
DA:46,1
DA:47,0
DA:48,0
DA:49,0
DA:50,0
DA:51,0
DA:53,0
DA:55,1
DA:56,1
DA:57,1
DA:58,0
DA:60,1
DA:61,0
DA:64,1
LF:44
LH:9
BRDA:5,1,0,0
BRDA:5,1,1,0
BRDA:12,2,0,0
BRDA:12,2,1,0
BRDA:22,3,0,0
BRDA:22,3,1,0
BRDA:23,4,0,0
BRDA:23,4,1,0
BRDA:38,5,0,0
BRDA:38,5,1,0
BRDA:49,6,0,0
BRDA:49,6,1,0
BRDA:50,7,0,0
BRDA:50,7,1,0
BRF:14
BRH:0
end_of_record
TN:
SF:/usr/src/app/lib/addons/webLinks/webLinks.test.js
FN:5,(anonymous_1)
FN:6,MockTerminal
FN:8,(anonymous_3)
FN:16,(anonymous_4)
FN:17,(anonymous_5)
FN:18,(anonymous_6)
FN:23,(anonymous_7)
FNF:7
FNH:7
FNDA:1,(anonymous_1)
FNDA:1,MockTerminal
FNDA:1,(anonymous_3)
FNDA:1,(anonymous_4)
FNDA:1,(anonymous_5)
FNDA:1,(anonymous_6)
FNDA:1,(anonymous_7)
DA:2,1
DA:3,1
DA:4,1
DA:5,1
DA:6,1
DA:8,1
DA:9,1
DA:10,1
DA:11,1
DA:12,1
DA:14,1
DA:16,1
DA:17,1
DA:18,1
DA:19,1
DA:20,1
DA:23,1
DA:24,1
DA:25,1
DA:26,1
DA:27,1
DA:28,1
DA:29,1
LF:23
LH:23
BRF:0
BRH:0
end_of_record
TN:
SF:/usr/src/app/lib/addons/webLinks/webLinks.js
FN:21,handleLink
FN:24,webLinksInit
FN:31,apply
FN:32,(anonymous_4)
FNF:4
FNH:2
FNDA:0,handleLink
FNDA:1,webLinksInit
FNDA:1,apply
FNDA:0,(anonymous_4)
DA:2,1
DA:3,1
DA:4,1
DA:5,1
DA:6,1
DA:7,1
DA:8,1
DA:9,1
DA:10,1
DA:11,1
DA:12,1
DA:13,1
DA:14,1
DA:15,1
DA:16,1
DA:17,1
DA:18,1
DA:19,1
DA:20,1
DA:21,1
DA:22,0
DA:24,1
DA:25,1
DA:26,1
DA:27,1
DA:28,1
DA:30,1
DA:31,1
DA:32,1
DA:33,0
DA:36,1
LF:31
LH:29
BRDA:25,1,0,1
BRDA:25,1,1,0
BRDA:26,2,0,1
BRDA:26,2,1,0
BRF:4
BRH:2
end_of_record
TN:
SF:/usr/src/app/lib/addons/winptyCompat/winptyCompat.test.js
FN:5,(anonymous_1)
FN:6,MockTerminal
FN:10,(anonymous_3)
FN:11,(anonymous_4)
FN:12,(anonymous_5)
FNF:5
FNH:4
FNDA:1,(anonymous_1)
FNDA:0,MockTerminal
FNDA:1,(anonymous_3)
FNDA:1,(anonymous_4)
FNDA:1,(anonymous_5)
DA:2,1
DA:3,1
DA:4,1
DA:5,1
DA:6,1
DA:8,1
DA:10,1
DA:11,1
DA:12,1
DA:13,1
DA:14,1
LF:11
LH:11
BRF:0
BRH:0
end_of_record
TN:
SF:/usr/src/app/lib/addons/winptyCompat/winptyCompat.js
FN:3,winptyCompatInit
FN:9,(anonymous_2)
FN:19,apply
FN:20,(anonymous_4)
FNF:4
FNH:1
FNDA:0,winptyCompatInit
FNDA:0,(anonymous_2)
FNDA:1,apply
FNDA:0,(anonymous_4)
DA:2,1
DA:3,1
DA:4,0
DA:5,0
DA:6,0
DA:7,0
DA:9,0
DA:10,0
DA:11,0
DA:12,0
DA:13,0
DA:14,0
DA:18,1
DA:19,1
DA:20,1
DA:21,0
DA:24,1
LF:17
LH:6
BRDA:6,1,0,0
BRDA:6,1,1,0
BRDA:12,2,0,0
BRDA:12,2,1,0
BRF:4
BRH:0
end_of_record
TN:
SF:/usr/src/app/lib/addons/zmodem/zmodem.test.js
FN:5,(anonymous_1)
FN:6,MockTerminal
FN:10,(anonymous_3)
FN:11,(anonymous_4)
FN:12,(anonymous_5)
FNF:5
FNH:4
FNDA:1,(anonymous_1)
FNDA:0,MockTerminal
FNDA:1,(anonymous_3)
FNDA:1,(anonymous_4)
FNDA:1,(anonymous_5)
DA:2,1
DA:3,1
DA:4,1
DA:5,1
DA:6,1
DA:8,1
DA:10,1
DA:11,1
DA:12,1
DA:13,1
DA:14,1
DA:15,1
LF:12
LH:12
BRF:0
BRH:0
end_of_record
TN:
SF:/usr/src/app/lib/addons/zmodem/zmodem.js
FN:4,zmodemAttach
FN:6,(anonymous_2)
FN:8,_shouldWrite
FN:12,(anonymous_4)
FN:18,(anonymous_5)
FN:19,(anonymous_6)
FN:21,handleWSMessage
FN:35,apply
FNF:8
FNH:1
FNDA:0,zmodemAttach
FNDA:0,(anonymous_2)
FNDA:0,_shouldWrite
FNDA:0,(anonymous_4)
FNDA:0,(anonymous_5)
FNDA:0,(anonymous_6)
FNDA:0,handleWSMessage
FNDA:1,apply
DA:2,1
DA:3,1
DA:4,1
DA:5,0
DA:6,0
DA:7,0
DA:8,1
DA:9,0
DA:11,0
DA:13,0
DA:14,0
DA:18,0
DA:19,0
DA:21,1
DA:22,0
DA:23,0
DA:24,0
DA:28,0
DA:31,0
DA:32,0
DA:34,1
DA:35,1
DA:36,1
DA:37,1
DA:38,1
DA:40,1
LF:26
LH:11
BRDA:5,1,0,0
BRDA:5,1,1,0
BRDA:9,2,0,0
BRDA:9,2,1,0
BRDA:13,3,0,0
BRDA:13,3,1,0
BRDA:22,4,0,0
BRDA:22,4,1,0
BRDA:23,5,0,0
BRDA:23,5,1,0
BRDA:36,6,0,0
BRDA:36,6,1,1
BRF:12
BRH:1
end_of_record
TN:
SF:/usr/src/app/lib/Terminal.integration.js
FN:13,ptyWriteRead
FN:15,(anonymous_2)
FN:21,ptyReset
FN:24,formatError
FN:25,addLineNumber
FN:27,(anonymous_6)
FN:41,terminalToString
FN:60,(anonymous_8)
FN:62,(anonymous_9)
FN:64,(anonymous_10)
FN:66,(anonymous_11)
FN:84,(anonymous_12)
FN:85,(anonymous_13)
FN:86,(anonymous_14)
FN:88,(anonymous_15)
FN:94,(anonymous_16)
FN:106,(anonymous_17)
FN:107,(anonymous_18)
FNF:18
FNH:14
FNDA:74,ptyWriteRead
FNDA:74,(anonymous_2)
FNDA:37,ptyReset
FNDA:0,formatError
FNDA:0,addLineNumber
FNDA:0,(anonymous_6)
FNDA:37,terminalToString
FNDA:1,(anonymous_8)
FNDA:37,(anonymous_9)
FNDA:37,(anonymous_10)
FNDA:0,(anonymous_11)
FNDA:37,(anonymous_12)
FNDA:37,(anonymous_13)
FNDA:37,(anonymous_14)
FNDA:37,(anonymous_15)
FNDA:962,(anonymous_16)
FNDA:1,(anonymous_17)
FNDA:1,(anonymous_18)
DA:2,1
DA:3,1
DA:4,1
DA:5,1
DA:6,1
DA:7,1
DA:8,1
DA:9,1
DA:10,1
DA:11,1
DA:12,1
DA:13,1
DA:14,74
DA:15,74
DA:16,74
DA:17,74
DA:18,74
DA:21,1
DA:22,37
DA:24,1
DA:25,1
DA:26,0
DA:27,0
DA:28,0
DA:29,0
DA:32,0
DA:33,0
DA:34,0
DA:35,0
DA:36,0
DA:37,0
DA:38,0
DA:39,0
DA:41,1
DA:42,37
DA:43,37
DA:44,37
DA:45,925
DA:46,925
DA:47,74000
DA:49,925
DA:50,925
DA:51,925
DA:53,37
DA:55,1
DA:56,1
DA:57,1
DA:58,1
DA:59,1
DA:60,1
DA:61,1
DA:62,1
DA:63,37
DA:64,37
DA:65,37
DA:69,1
DA:70,1
DA:71,1
DA:77,1
DA:78,0
DA:80,1
DA:81,69
DA:82,32
DA:84,37
DA:85,37
DA:86,37
DA:87,37
DA:88,37
DA:89,37
DA:90,37
DA:91,37
DA:92,37
DA:93,37
DA:94,962
DA:95,37
DA:96,0
DA:98,37
DA:106,1
DA:107,1
DA:108,1
DA:109,1
DA:110,1
DA:111,0
DA:113,1
DA:114,1
DA:115,1
DA:116,1
LF:87
LH:72
BRDA:26,1,0,0
BRDA:26,1,1,0
BRDA:55,2,0,1
BRDA:55,2,1,0
BRDA:77,3,0,0
BRDA:77,3,1,1
BRDA:81,4,0,32
BRDA:81,4,1,37
BRDA:95,5,0,0
BRDA:95,5,1,37
BRDA:110,6,0,0
BRDA:110,6,1,1
BRF:12
BRH:6
end_of_record
